#
# There is insufficient memory for the Java Runtime Environment to continue.
# Native memory allocation (malloc) failed to allocate 294464 bytes for Chunk::new
# Possible reasons:
#   The system is out of physical RAM or swap space
#   The process is running with CompressedOops enabled, and the Java Heap may be blocking the growth of the native heap
# Possible solutions:
#   Reduce memory load on the system
#   Increase physical memory or swap space
#   Check if swap backing store is full
#   Decrease Java heap size (-Xmx/-Xms)
#   Decrease number of Java threads
#   Decrease Java thread stack sizes (-Xss)
#   Set larger code cache with -XX:ReservedCodeCacheSize=
#   JVM is running with Zero Based Compressed Oops mode in which the Java heap is
#     placed in the first 32GB address space. The Java Heap base address is the
#     maximum limit for the native heap growth. Please use -XX:HeapBaseMinAddress
#     to set the Java Heap base and to place the Java Heap above 32GB virtual address.
# This output file may be truncated or incomplete.
#
#  Out of Memory Error (arena.cpp:189), pid=20140, tid=10412
#
# JRE version: Java(TM) SE Runtime Environment (17.0.12+8) (build 17.0.12+8-LTS-286)
# Java VM: Java HotSpot(TM) 64-Bit Server VM (17.0.12+8-LTS-286, mixed mode, sharing, tiered, compressed oops, compressed class ptrs, g1 gc, windows-amd64)
# No core dump will be written. Minidumps are not enabled by default on client versions of Windows
#

---------------  S U M M A R Y ------------

Command Line: -XX:+HeapDumpOnOutOfMemoryError --add-opens=java.base/java.util=ALL-UNNAMED --add-opens=java.base/java.lang=ALL-UNNAMED --add-opens=java.base/java.lang.invoke=ALL-UNNAMED --add-opens=java.prefs/java.util.prefs=ALL-UNNAMED --add-opens=java.base/java.nio.charset=ALL-UNNAMED --add-opens=java.base/java.net=ALL-UNNAMED --add-opens=java.base/java.util.concurrent.atomic=ALL-UNNAMED -Xmx4G -Dfile.encoding=utf8 -Duser.country=ID -Duser.language=en -Duser.variant org.gradle.launcher.daemon.bootstrap.GradleDaemon 7.6.3

Host: 12th Gen Intel(R) Core(TM) i5-12450H, 12 cores, 15G,  Windows 11 , 64 bit Build 22621 (10.0.22621.5415)
Time: Fri Jun  5 21:04:10 2026 SE Asia Standard Time elapsed time: 17.586976 seconds (0d 0h 0m 17s)

---------------  T H R E A D  ---------------

Current thread (0x00000112e6942f60):  JavaThread "C2 CompilerThread1" daemon [_thread_in_native, id=10412, stack(0x0000000693600000,0x0000000693700000)]


Current CompileTask:
C2:  17587 6859       4       org.gradle.internal.service.DefaultServiceRegistry$OwnServices::getService (309 bytes)

Stack: [0x0000000693600000,0x0000000693700000]
Native frames: (J=compiled Java code, j=interpreted, Vv=VM code, C=native code)
V  [jvm.dll+0x67a04a]
V  [jvm.dll+0x7da4ed]
V  [jvm.dll+0x7dbe33]
V  [jvm.dll+0x7dc4a3]
V  [jvm.dll+0x24508f]
V  [jvm.dll+0xab773]
V  [jvm.dll+0xabd3c]
V  [jvm.dll+0x361bee]
V  [jvm.dll+0x1ba2d5]
V  [jvm.dll+0x216997]
V  [jvm.dll+0x215c6f]
V  [jvm.dll+0x1a2960]
V  [jvm.dll+0x22610b]
V  [jvm.dll+0x2242ab]
V  [jvm.dll+0x79075c]
V  [jvm.dll+0x78abea]
V  [jvm.dll+0x678f35]
C  [ucrtbase.dll+0x29333]
C  [KERNEL32.DLL+0x1259d]
C  [ntdll.dll+0x5af78]


---------------  P R O C E S S  ---------------

Threads class SMR info:
_java_thread_list=0x00000112e9951aa0, length=53, elements={
0x00000112faec56c0, 0x00000112ff9123f0, 0x00000112ff912f20, 0x00000112ff9273e0,
0x00000112ff92aec0, 0x00000112ff92c890, 0x00000112ff92d250, 0x00000112ff92e600,
0x00000112a0834040, 0x00000112a0853a40, 0x00000112a0a0b6d0, 0x00000112a0a0dbc0,
0x00000112e7c342a0, 0x00000112e81bbeb0, 0x00000112e82e8970, 0x00000112e7348590,
0x00000112e70fd5f0, 0x00000112e81a4300, 0x00000112e81a4d20, 0x00000112e81a0640,
0x00000112e819fc20, 0x00000112e81a24a0, 0x00000112e81a5740, 0x00000112e81a38e0,
0x00000112e81a3df0, 0x00000112e81a1a80, 0x00000112e819f200, 0x00000112e819f710,
0x00000112e81a29b0, 0x00000112e840e4a0, 0x00000112e840d570, 0x00000112e840da80,
0x00000112e8410810, 0x00000112ea8bbfc0, 0x00000112ea8b5060, 0x00000112ea8bc9e0,
0x00000112ea8b5570, 0x00000112ea8b9c50, 0x00000112ea8bc4d0, 0x00000112ea8b73d0,
0x00000112ea8bb090, 0x00000112ea8b64a0, 0x00000112ea8bb5a0, 0x00000112ea8ba670,
0x00000112ea8b9230, 0x00000112ea8b5a80, 0x00000112ea8b9740, 0x00000112ea8b69b0,
0x00000112ea8b5f90, 0x00000112ea8b78e0, 0x00000112ea8b6ec0, 0x00000112ea8b7df0,
0x00000112e6942f60
}

Java Threads: ( => current thread )
  0x00000112faec56c0 JavaThread "main" [_thread_blocked, id=8024, stack(0x000000068f400000,0x000000068f500000)]
  0x00000112ff9123f0 JavaThread "Reference Handler" daemon [_thread_blocked, id=15924, stack(0x000000068fb00000,0x000000068fc00000)]
  0x00000112ff912f20 JavaThread "Finalizer" daemon [_thread_blocked, id=18912, stack(0x000000068fc00000,0x000000068fd00000)]
  0x00000112ff9273e0 JavaThread "Signal Dispatcher" daemon [_thread_blocked, id=10932, stack(0x000000068fd00000,0x000000068fe00000)]
  0x00000112ff92aec0 JavaThread "Attach Listener" daemon [_thread_blocked, id=16864, stack(0x000000068fe00000,0x000000068ff00000)]
  0x00000112ff92c890 JavaThread "Service Thread" daemon [_thread_blocked, id=20220, stack(0x000000068ff00000,0x0000000690000000)]
  0x00000112ff92d250 JavaThread "Monitor Deflation Thread" daemon [_thread_blocked, id=19548, stack(0x0000000690000000,0x0000000690100000)]
  0x00000112ff92e600 JavaThread "C2 CompilerThread0" daemon [_thread_in_native, id=23220, stack(0x0000000690100000,0x0000000690200000)]
  0x00000112a0834040 JavaThread "C1 CompilerThread0" daemon [_thread_blocked, id=22856, stack(0x0000000690200000,0x0000000690300000)]
  0x00000112a0853a40 JavaThread "Sweeper thread" daemon [_thread_blocked, id=21424, stack(0x0000000690300000,0x0000000690400000)]
  0x00000112a0a0b6d0 JavaThread "Common-Cleaner" daemon [_thread_blocked, id=19364, stack(0x0000000690400000,0x0000000690500000)]
  0x00000112a0a0dbc0 JavaThread "Notification Thread" daemon [_thread_blocked, id=17076, stack(0x0000000690500000,0x0000000690600000)]
  0x00000112e7c342a0 JavaThread "Daemon health stats" [_thread_blocked, id=16300, stack(0x0000000690e00000,0x0000000690f00000)]
  0x00000112e81bbeb0 JavaThread "Incoming local TCP Connector on port 53905" [_thread_in_native, id=22988, stack(0x0000000690f00000,0x0000000691000000)]
  0x00000112e82e8970 JavaThread "Daemon periodic checks" [_thread_blocked, id=848, stack(0x0000000691000000,0x0000000691100000)]
  0x00000112e7348590 JavaThread "Daemon" [_thread_blocked, id=19256, stack(0x0000000691100000,0x0000000691200000)]
  0x00000112e70fd5f0 JavaThread "Daemon worker" [_thread_in_native, id=19956, stack(0x0000000691400000,0x0000000691500000)]
  0x00000112e81a4300 JavaThread "Cache worker for journal cache (C:\Users\ACER\.gradle\caches\journal-1)" [_thread_blocked, id=18560, stack(0x0000000691800000,0x0000000691900000)]
  0x00000112e81a4d20 JavaThread "File lock request listener" [_thread_in_native, id=23388, stack(0x0000000691900000,0x0000000691a00000)]
  0x00000112e81a0640 JavaThread "Cache worker for file hash cache (C:\Users\ACER\.gradle\caches\7.6.3\fileHashes)" [_thread_blocked, id=21848, stack(0x0000000691a00000,0x0000000691b00000)]
  0x00000112e819fc20 JavaThread "File watcher server" daemon [_thread_in_native, id=20348, stack(0x0000000691b00000,0x0000000691c00000)]
  0x00000112e81a24a0 JavaThread "File watcher consumer" daemon [_thread_blocked, id=22684, stack(0x0000000691c00000,0x0000000691d00000)]
  0x00000112e81a5740 JavaThread "Cache worker for file content cache (C:\Users\ACER\.gradle\caches\7.6.3\fileContent)" [_thread_blocked, id=23452, stack(0x0000000691f00000,0x0000000692000000)]
  0x00000112e81a38e0 JavaThread "Cache worker for execution history cache (C:\Users\ACER\.gradle\caches\7.6.3\executionHistory)" [_thread_blocked, id=7988, stack(0x0000000692800000,0x0000000692900000)]
  0x00000112e81a3df0 JavaThread "jar transforms" [_thread_blocked, id=19620, stack(0x0000000692900000,0x0000000692a00000)]
  0x00000112e81a1a80 JavaThread "jar transforms Thread 2" [_thread_blocked, id=10252, stack(0x0000000692a00000,0x0000000692b00000)]
  0x00000112e819f200 JavaThread "jar transforms Thread 3" [_thread_blocked, id=12452, stack(0x0000000692b00000,0x0000000692c00000)]
  0x00000112e819f710 JavaThread "Cache worker for kotlin-dsl (C:\Users\ACER\.gradle\caches\7.6.3\kotlin-dsl)" [_thread_blocked, id=20392, stack(0x0000000692c00000,0x0000000692d00000)]
  0x00000112e81a29b0 JavaThread "jar transforms Thread 4" [_thread_blocked, id=7860, stack(0x0000000692d00000,0x0000000692e00000)]
  0x00000112e840e4a0 JavaThread "jar transforms Thread 5" [_thread_blocked, id=20432, stack(0x0000000693000000,0x0000000693100000)]
  0x00000112e840d570 JavaThread "Memory manager" [_thread_blocked, id=15704, stack(0x0000000693100000,0x0000000693200000)]
  0x00000112e840da80 JavaThread "jar transforms Thread 6" [_thread_blocked, id=3160, stack(0x0000000693200000,0x0000000693300000)]
  0x00000112e8410810 JavaThread "included builds" [_thread_blocked, id=20372, stack(0x0000000693300000,0x0000000693400000)]
  0x00000112ea8bbfc0 JavaThread "Exec process" [_thread_blocked, id=20868, stack(0x0000000694b00000,0x0000000694c00000)]
  0x00000112ea8b5060 JavaThread "Exec process Thread 2" [_thread_blocked, id=15696, stack(0x0000000694d00000,0x0000000694e00000)]
  0x00000112ea8bc9e0 JavaThread "Exec process Thread 3" [_thread_blocked, id=22928, stack(0x0000000694e00000,0x0000000694f00000)]
  0x00000112ea8b5570 JavaThread "Exec process Thread 4" [_thread_blocked, id=22960, stack(0x0000000694f00000,0x0000000695000000)]
  0x00000112ea8b9c50 JavaThread "Handler for socket connection from /127.0.0.1:53905 to /127.0.0.1:62307" [_thread_in_native, id=21956, stack(0x0000000690700000,0x0000000690800000)]
  0x00000112ea8bc4d0 JavaThread "Cancel handler" [_thread_blocked, id=5836, stack(0x0000000690800000,0x0000000690900000)]
  0x00000112ea8b73d0 JavaThread "Asynchronous log dispatcher for DefaultDaemonConnection: socket connection from /127.0.0.1:53905 to /127.0.0.1:62307" [_thread_blocked, id=21024, stack(0x0000000691200000,0x0000000691300000)]
  0x00000112ea8bb090 JavaThread "Stdin handler" [_thread_blocked, id=16868, stack(0x0000000691300000,0x0000000691400000)]
  0x00000112ea8b64a0 JavaThread "Daemon client event forwarder" [_thread_blocked, id=16768, stack(0x0000000691500000,0x0000000691600000)]
  0x00000112ea8bb5a0 JavaThread "jar transforms Thread 7" [_thread_blocked, id=21728, stack(0x0000000691600000,0x0000000691700000)]
  0x00000112ea8ba670 JavaThread "jar transforms Thread 8" [_thread_blocked, id=20660, stack(0x0000000691700000,0x0000000691800000)]
  0x00000112ea8b9230 JavaThread "jar transforms Thread 9" [_thread_blocked, id=20776, stack(0x0000000691d00000,0x0000000691e00000)]
  0x00000112ea8b5a80 JavaThread "Cache worker for checksums cache (D:\LucyProject\mobile\lucy-flutter\android\.gradle\7.6.3\checksums)" [_thread_blocked, id=6880, stack(0x0000000691e00000,0x0000000691f00000)]
  0x00000112ea8b9740 JavaThread "Cache worker for cache directory md-rule (C:\Users\ACER\.gradle\caches\7.6.3\md-rule)" [_thread_blocked, id=2240, stack(0x0000000692600000,0x0000000692700000)]
  0x00000112ea8b69b0 JavaThread "Cache worker for file hash cache (D:\LucyProject\mobile\lucy-flutter\android\.gradle\7.6.3\fileHashes)" [_thread_blocked, id=15712, stack(0x0000000692700000,0x0000000692800000)]
  0x00000112ea8b5f90 JavaThread "Cache worker for cache directory md-supplier (C:\Users\ACER\.gradle\caches\7.6.3\md-supplier)" [_thread_blocked, id=22064, stack(0x0000000692e00000,0x0000000692f00000)]
  0x00000112ea8b78e0 JavaThread "jar transforms Thread 10" [_thread_blocked, id=4372, stack(0x0000000692f00000,0x0000000693000000)]
  0x00000112ea8b6ec0 JavaThread "jar transforms Thread 11" [_thread_blocked, id=23528, stack(0x0000000693400000,0x0000000693500000)]
  0x00000112ea8b7df0 JavaThread "jar transforms Thread 12" [_thread_blocked, id=21744, stack(0x0000000693500000,0x0000000693600000)]
=>0x00000112e6942f60 JavaThread "C2 CompilerThread1" daemon [_thread_in_native, id=10412, stack(0x0000000693600000,0x0000000693700000)]

Other Threads:
  0x00000112a0832010 VMThread "VM Thread" [stack: 0x000000068fa00000,0x000000068fb00000] [id=10920]
  0x00000112faf63ff0 WatcherThread [stack: 0x0000000690600000,0x0000000690700000] [id=21560]
  0x00000112faf34980 GCTaskThread "GC Thread#0" [stack: 0x000000068f500000,0x000000068f600000] [id=14692]
  0x00000112e67afcb0 GCTaskThread "GC Thread#1" [stack: 0x0000000690900000,0x0000000690a00000] [id=22276]
  0x00000112e67af9f0 GCTaskThread "GC Thread#2" [stack: 0x0000000690a00000,0x0000000690b00000] [id=5044]
  0x00000112e67ae970 GCTaskThread "GC Thread#3" [stack: 0x0000000690b00000,0x0000000690c00000] [id=21740]
  0x00000112e67af730 GCTaskThread "GC Thread#4" [stack: 0x0000000690c00000,0x0000000690d00000] [id=23476]
  0x00000112e67aec30 GCTaskThread "GC Thread#5" [stack: 0x0000000690d00000,0x0000000690e00000] [id=19100]
  0x00000112e9734e70 GCTaskThread "GC Thread#6" [stack: 0x0000000692000000,0x0000000692100000] [id=22728]
  0x00000112e9735130 GCTaskThread "GC Thread#7" [stack: 0x0000000692100000,0x0000000692200000] [id=15024]
  0x00000112e9734370 GCTaskThread "GC Thread#8" [stack: 0x0000000692200000,0x0000000692300000] [id=22800]
  0x00000112e9733b30 GCTaskThread "GC Thread#9" [stack: 0x0000000692300000,0x0000000692400000] [id=23536]
  0x00000112faf458d0 ConcurrentGCThread "G1 Main Marker" [stack: 0x000000068f600000,0x000000068f700000] [id=2380]
  0x00000112faf462e0 ConcurrentGCThread "G1 Conc#0" [stack: 0x000000068f700000,0x000000068f800000] [id=21736]
  0x00000112e9733df0 ConcurrentGCThread "G1 Conc#1" [stack: 0x0000000692400000,0x0000000692500000] [id=11716]
  0x00000112e97361b0 ConcurrentGCThread "G1 Conc#2" [stack: 0x0000000692500000,0x0000000692600000] [id=18820]
  0x00000112faf8e9f0 ConcurrentGCThread "G1 Refine#0" [stack: 0x000000068f800000,0x000000068f900000] [id=17680]
  0x00000112ff7cc680 ConcurrentGCThread "G1 Service" [stack: 0x000000068f900000,0x000000068fa00000] [id=21136]

Threads with active compile tasks:
C2 CompilerThread0    17611 6857       4       groovy.lang.MetaClassImpl::addMetaMethodToIndex (65 bytes)
C2 CompilerThread1    17612 6859       4       org.gradle.internal.service.DefaultServiceRegistry$OwnServices::getService (309 bytes)

VM state: not at safepoint (normal execution)

VM Mutex/Monitor currently owned by a thread: None

Heap address: 0x0000000700000000, size: 4096 MB, Compressed Oops mode: Zero based, Oop shift amount: 3

CDS archive(s) mapped at: [0x00000112a1000000-0x00000112a1bd0000-0x00000112a1bd0000), size 12386304, SharedBaseAddress: 0x00000112a1000000, ArchiveRelocationMode: 1.
Compressed class space mapped at: 0x00000112a2000000-0x00000112e2000000, reserved size: 1073741824
Narrow klass base: 0x00000112a1000000, Narrow klass shift: 0, Narrow klass range: 0x100000000

GC Precious Log:
 CPUs: 12 total, 12 available
 Memory: 16088M
 Large Page Support: Disabled
 NUMA Support: Disabled
 Compressed Oops: Enabled (Zero based)
 Heap Region Size: 2M
 Heap Min Capacity: 8M
 Heap Initial Capacity: 252M
 Heap Max Capacity: 4G
 Pre-touch: Disabled
 Parallel Workers: 10
 Concurrent Workers: 3
 Concurrent Refinement Workers: 10
 Periodic GC: Disabled

Heap:
 garbage-first heap   total 104448K, used 74121K [0x0000000700000000, 0x0000000800000000)
  region size 2048K, 20 young (40960K), 3 survivors (6144K)
 Metaspace       used 58036K, committed 58752K, reserved 1114112K
  class space    used 8293K, committed 8640K, reserved 1048576K

Heap Regions: E=young(eden), S=young(survivor), O=old, HS=humongous(starts), HC=humongous(continues), CS=collection set, F=free, OA=open archive, CA=closed archive, TAMS=top-at-mark-start (previous, next)
|   0|0x0000000700000000, 0x0000000700200000, 0x0000000700200000|100%|HS|  |TAMS 0x0000000700200000, 0x0000000700000000| Complete 
|   1|0x0000000700200000, 0x0000000700400000, 0x0000000700400000|100%|HC|  |TAMS 0x0000000700400000, 0x0000000700200000| Complete 
|   2|0x0000000700400000, 0x0000000700600000, 0x0000000700600000|100%| O|  |TAMS 0x0000000700600000, 0x0000000700400000| Untracked 
|   3|0x0000000700600000, 0x0000000700800000, 0x0000000700800000|100%| O|  |TAMS 0x0000000700800000, 0x0000000700600000| Untracked 
|   4|0x0000000700800000, 0x00000007009d4400, 0x0000000700a00000| 91%| O|  |TAMS 0x00000007009d4400, 0x0000000700800000| Untracked 
|   5|0x0000000700a00000, 0x0000000700c00000, 0x0000000700c00000|100%| O|  |TAMS 0x0000000700c00000, 0x0000000700a00000| Untracked 
|   6|0x0000000700c00000, 0x0000000700e00000, 0x0000000700e00000|100%| O|  |TAMS 0x0000000700e00000, 0x0000000700c00000| Untracked 
|   7|0x0000000700e00000, 0x0000000701000000, 0x0000000701000000|100%| O|  |TAMS 0x0000000701000000, 0x0000000700e00000| Untracked 
|   8|0x0000000701000000, 0x0000000701200000, 0x0000000701200000|100%| O|  |TAMS 0x0000000701200000, 0x0000000701000000| Untracked 
|   9|0x0000000701200000, 0x0000000701400000, 0x0000000701400000|100%| O|  |TAMS 0x0000000701400000, 0x0000000701200000| Untracked 
|  10|0x0000000701400000, 0x0000000701600000, 0x0000000701600000|100%| O|  |TAMS 0x0000000701600000, 0x0000000701400000| Untracked 
|  11|0x0000000701600000, 0x0000000701800000, 0x0000000701800000|100%| O|  |TAMS 0x00000007016ef400, 0x0000000701600000| Untracked 
|  12|0x0000000701800000, 0x0000000701a00000, 0x0000000701a00000|100%| O|  |TAMS 0x0000000701800000, 0x0000000701800000| Untracked 
|  13|0x0000000701a00000, 0x0000000701c00000, 0x0000000701c00000|100%| O|  |TAMS 0x0000000701c00000, 0x0000000701a00000| Untracked 
|  14|0x0000000701c00000, 0x0000000701da0400, 0x0000000701e00000| 81%| O|  |TAMS 0x0000000701c00000, 0x0000000701c00000| Untracked 
|  15|0x0000000701e00000, 0x0000000702000000, 0x0000000702000000|100%| O|  |TAMS 0x0000000701e00000, 0x0000000701e00000| Untracked 
|  16|0x0000000702000000, 0x0000000702200000, 0x0000000702200000|100%| O|  |TAMS 0x0000000702000000, 0x0000000702000000| Untracked 
|  17|0x0000000702200000, 0x0000000702200000, 0x0000000702400000|  0%| F|  |TAMS 0x0000000702200000, 0x0000000702200000| Untracked 
|  18|0x0000000702400000, 0x0000000702400000, 0x0000000702600000|  0%| F|  |TAMS 0x0000000702400000, 0x0000000702400000| Untracked 
|  19|0x0000000702600000, 0x0000000702600000, 0x0000000702800000|  0%| F|  |TAMS 0x0000000702600000, 0x0000000702600000| Untracked 
|  20|0x0000000702800000, 0x0000000702800000, 0x0000000702a00000|  0%| F|  |TAMS 0x0000000702800000, 0x0000000702800000| Untracked 
|  21|0x0000000702a00000, 0x0000000702a00000, 0x0000000702c00000|  0%| F|  |TAMS 0x0000000702a00000, 0x0000000702a00000| Untracked 
|  22|0x0000000702c00000, 0x0000000702c00000, 0x0000000702e00000|  0%| F|  |TAMS 0x0000000702c00000, 0x0000000702c00000| Untracked 
|  23|0x0000000702e00000, 0x0000000702eedeb0, 0x0000000703000000| 46%| S|CS|TAMS 0x0000000702e00000, 0x0000000702e00000| Complete 
|  24|0x0000000703000000, 0x0000000703000000, 0x0000000703200000|  0%| F|  |TAMS 0x0000000703000000, 0x0000000703000000| Untracked 
|  25|0x0000000703200000, 0x0000000703400000, 0x0000000703400000|100%| S|CS|TAMS 0x0000000703200000, 0x0000000703200000| Complete 
|  26|0x0000000703400000, 0x0000000703600000, 0x0000000703600000|100%| S|CS|TAMS 0x0000000703400000, 0x0000000703400000| Complete 
|  27|0x0000000703600000, 0x0000000703600000, 0x0000000703800000|  0%| F|  |TAMS 0x0000000703600000, 0x0000000703600000| Untracked 
|  28|0x0000000703800000, 0x0000000703800000, 0x0000000703a00000|  0%| F|  |TAMS 0x0000000703800000, 0x0000000703800000| Untracked 
|  29|0x0000000703a00000, 0x0000000703a00000, 0x0000000703c00000|  0%| F|  |TAMS 0x0000000703a00000, 0x0000000703a00000| Untracked 
|  30|0x0000000703c00000, 0x0000000703c00000, 0x0000000703e00000|  0%| F|  |TAMS 0x0000000703c00000, 0x0000000703c00000| Untracked 
|  31|0x0000000703e00000, 0x0000000703e00000, 0x0000000704000000|  0%| F|  |TAMS 0x0000000703e00000, 0x0000000703e00000| Untracked 
|  32|0x0000000704000000, 0x0000000704000000, 0x0000000704200000|  0%| F|  |TAMS 0x0000000704000000, 0x0000000704000000| Untracked 
|  33|0x0000000704200000, 0x00000007042dc430, 0x0000000704400000| 43%| E|  |TAMS 0x0000000704200000, 0x0000000704200000| Complete 
|  34|0x0000000704400000, 0x0000000704600000, 0x0000000704600000|100%| E|CS|TAMS 0x0000000704400000, 0x0000000704400000| Complete 
|  35|0x0000000704600000, 0x0000000704800000, 0x0000000704800000|100%| E|CS|TAMS 0x0000000704600000, 0x0000000704600000| Complete 
|  36|0x0000000704800000, 0x0000000704a00000, 0x0000000704a00000|100%| E|CS|TAMS 0x0000000704800000, 0x0000000704800000| Complete 
|  37|0x0000000704a00000, 0x0000000704c00000, 0x0000000704c00000|100%| E|CS|TAMS 0x0000000704a00000, 0x0000000704a00000| Complete 
|  38|0x0000000704c00000, 0x0000000704e00000, 0x0000000704e00000|100%| E|CS|TAMS 0x0000000704c00000, 0x0000000704c00000| Complete 
|  39|0x0000000704e00000, 0x0000000705000000, 0x0000000705000000|100%| E|CS|TAMS 0x0000000704e00000, 0x0000000704e00000| Complete 
|  40|0x0000000705000000, 0x0000000705200000, 0x0000000705200000|100%| E|CS|TAMS 0x0000000705000000, 0x0000000705000000| Complete 
|  41|0x0000000705200000, 0x0000000705400000, 0x0000000705400000|100%| E|CS|TAMS 0x0000000705200000, 0x0000000705200000| Complete 
|  42|0x0000000705400000, 0x0000000705600000, 0x0000000705600000|100%| E|CS|TAMS 0x0000000705400000, 0x0000000705400000| Complete 
|  63|0x0000000707e00000, 0x0000000708000000, 0x0000000708000000|100%| E|CS|TAMS 0x0000000707e00000, 0x0000000707e00000| Complete 
|  64|0x0000000708000000, 0x0000000708200000, 0x0000000708200000|100%| E|CS|TAMS 0x0000000708000000, 0x0000000708000000| Complete 
|  65|0x0000000708200000, 0x0000000708400000, 0x0000000708400000|100%| E|CS|TAMS 0x0000000708200000, 0x0000000708200000| Complete 
|  66|0x0000000708400000, 0x0000000708600000, 0x0000000708600000|100%| E|CS|TAMS 0x0000000708400000, 0x0000000708400000| Complete 
|  67|0x0000000708600000, 0x0000000708800000, 0x0000000708800000|100%| E|CS|TAMS 0x0000000708600000, 0x0000000708600000| Complete 
|  68|0x0000000708800000, 0x0000000708a00000, 0x0000000708a00000|100%| E|CS|TAMS 0x0000000708800000, 0x0000000708800000| Complete 
| 125|0x000000070fa00000, 0x000000070fc00000, 0x000000070fc00000|100%| E|CS|TAMS 0x000000070fa00000, 0x000000070fa00000| Complete 
|2047|0x00000007ffe00000, 0x0000000800000000, 0x0000000800000000|100%| O|  |TAMS 0x0000000800000000, 0x00000007ffe00000| Untracked 

Card table byte_map: [0x00000112fdc00000,0x00000112fe400000] _byte_map_base: 0x00000112fa400000

Marking Bits (Prev, Next): (CMBitMap*) 0x00000112faf34fa0, (CMBitMap*) 0x00000112faf34fe0
 Prev Bits: [0x00000112967f0000, 0x000001129a7f0000)
 Next Bits: [0x000001129a7f0000, 0x000001129e7f0000)

Polling page: 0x00000112faf90000

Metaspace:

Usage:
  Non-class:     48.58 MB used.
      Class:      8.10 MB used.
       Both:     56.68 MB used.

Virtual space:
  Non-class space:       64.00 MB reserved,      48.94 MB ( 76%) committed,  1 nodes.
      Class space:        1.00 GB reserved,       8.44 MB ( <1%) committed,  1 nodes.
             Both:        1.06 GB reserved,      57.38 MB (  5%) committed. 

Chunk freelists:
   Non-Class:  14.72 MB
       Class:  7.49 MB
        Both:  22.21 MB

MaxMetaspaceSize: unlimited
CompressedClassSpaceSize: 1.00 GB
Initial GC threshold: 21.00 MB
Current GC threshold: 58.75 MB
CDS: on
MetaspaceReclaimPolicy: balanced
 - commit_granule_bytes: 65536.
 - commit_granule_words: 8192.
 - virtual_space_node_default_size: 8388608.
 - enlarge_chunks_in_place: 1.
 - new_chunks_are_fully_committed: 0.
 - uncommit_free_chunks: 1.
 - use_allocation_guard: 0.
 - handle_deallocations: 1.


Internal statistics:

num_allocs_failed_limit: 6.
num_arena_births: 902.
num_arena_deaths: 0.
num_vsnodes_births: 2.
num_vsnodes_deaths: 0.
num_space_committed: 918.
num_space_uncommitted: 0.
num_chunks_returned_to_freelist: 6.
num_chunks_taken_from_freelist: 3283.
num_chunk_merges: 6.
num_chunk_splits: 2105.
num_chunks_enlarged: 1343.
num_inconsistent_stats: 0.

CodeHeap 'non-profiled nmethods': size=120000Kb used=3868Kb max_used=3868Kb free=116131Kb
 bounds [0x000001128f2c0000, 0x000001128f690000, 0x00000112967f0000]
CodeHeap 'profiled nmethods': size=120000Kb used=12192Kb max_used=12192Kb free=107807Kb
 bounds [0x00000112877f0000, 0x00000112883e0000, 0x000001128ed20000]
CodeHeap 'non-nmethods': size=5760Kb used=2359Kb max_used=2424Kb free=3400Kb
 bounds [0x000001128ed20000, 0x000001128ef90000, 0x000001128f2c0000]
 total_blobs=7001 nmethods=6119 adapters=794
 compilation: enabled
              stopped_count=0, restarted_count=0
 full_count=0

Compilation events (20 events):
Event: 17.528 Thread 0x00000112a0834040 6871       3       org.codehaus.groovy.runtime.metaclass.MetaMethodIndex::getHeader (38 bytes)
Event: 17.528 Thread 0x00000112a0834040 nmethod 6871 0x00000112883cef90 code [0x00000112883cf180, 0x00000112883cf7d8]
Event: 17.530 Thread 0x00000112a0834040 6872   !   3       sun.reflect.misc.ReflectUtil::isPackageAccessible (12 bytes)
Event: 17.531 Thread 0x00000112a0834040 nmethod 6872 0x00000112883cfa10 code [0x00000112883cfce0, 0x00000112883d0cf8]
Event: 17.533 Thread 0x00000112a0834040 6873       3       java.util.ArrayList::sort (45 bytes)
Event: 17.533 Thread 0x00000112a0834040 nmethod 6873 0x00000112883d1310 code [0x00000112883d14c0, 0x00000112883d1738]
Event: 17.533 Thread 0x00000112a0834040 6874       3       groovy.lang.MetaClassImpl::addFields (41 bytes)
Event: 17.533 Thread 0x00000112a0834040 nmethod 6874 0x00000112883d1890 code [0x00000112883d1a80, 0x00000112883d21b8]
Event: 17.533 Thread 0x00000112a0834040 6875       3       org.codehaus.groovy.reflection.CachedClass::getFields (11 bytes)
Event: 17.534 Thread 0x00000112a0834040 nmethod 6875 0x00000112883d2490 code [0x00000112883d2640, 0x00000112883d2908]
Event: 17.534 Thread 0x00000112a0834040 6876       3       groovy.lang.MetaClassImpl$Index::put (10 bytes)
Event: 17.534 Thread 0x00000112a0834040 nmethod 6876 0x00000112883d2a10 code [0x00000112883d2bc0, 0x00000112883d2de8]
Event: 17.558 Thread 0x00000112a0834040 6877       3       org.gradle.internal.reflect.JavaPropertyReflectionUtil::getAnnotation (7 bytes)
Event: 17.558 Thread 0x00000112a0834040 nmethod 6877 0x00000112883d2f10 code [0x00000112883d30a0, 0x00000112883d31c8]
Event: 17.559 Thread 0x00000112a0834040 6878       3       org.gradle.internal.service.DefaultServiceRegistry::findProviderMethods (203 bytes)
Event: 17.561 Thread 0x00000112a0834040 nmethod 6878 0x00000112883d3290 code [0x00000112883d37e0, 0x00000112883d6c18]
Event: 17.567 Thread 0x00000112ff92e600 nmethod 6856 0x000001128f681910 code [0x000001128f681c40, 0x000001128f684428]
Event: 17.568 Thread 0x00000112ff92e600 6860 %     4       org.apache.commons.io.FilenameUtils::doNormalize @ 297 (541 bytes)
Event: 17.584 Thread 0x00000112ff92e600 nmethod 6860% 0x000001128f685e90 code [0x000001128f686040, 0x000001128f6869b8]
Event: 17.584 Thread 0x00000112ff92e600 6857       4       groovy.lang.MetaClassImpl::addMetaMethodToIndex (65 bytes)

GC Heap History (20 events):
Event: 2.313 GC heap before
{Heap before GC invocations=2 (full 0):
 garbage-first heap   total 258048K, used 121467K [0x0000000700000000, 0x0000000800000000)
  region size 2048K, 57 young (116736K), 1 survivors (2048K)
 Metaspace       used 21217K, committed 21504K, reserved 1114112K
  class space    used 3162K, committed 3328K, reserved 1048576K
}
Event: 2.319 GC heap after
{Heap after GC invocations=3 (full 0):
 garbage-first heap   total 258048K, used 21774K [0x0000000700000000, 0x0000000800000000)
  region size 2048K, 6 young (12288K), 6 survivors (12288K)
 Metaspace       used 21217K, committed 21504K, reserved 1114112K
  class space    used 3162K, committed 3328K, reserved 1048576K
}
Event: 2.946 GC heap before
{Heap before GC invocations=4 (full 0):
 garbage-first heap   total 81920K, used 64782K [0x0000000700000000, 0x0000000800000000)
  region size 2048K, 28 young (57344K), 6 survivors (12288K)
 Metaspace       used 30310K, committed 30656K, reserved 1114112K
  class space    used 4306K, committed 4480K, reserved 1048576K
}
Event: 2.953 GC heap after
{Heap after GC invocations=5 (full 0):
 garbage-first heap   total 86016K, used 27441K [0x0000000700000000, 0x0000000800000000)
  region size 2048K, 3 young (6144K), 3 survivors (6144K)
 Metaspace       used 30310K, committed 30656K, reserved 1114112K
  class space    used 4306K, committed 4480K, reserved 1048576K
}
Event: 3.178 GC heap before
{Heap before GC invocations=5 (full 0):
 garbage-first heap   total 86016K, used 60209K [0x0000000700000000, 0x0000000800000000)
  region size 2048K, 19 young (38912K), 3 survivors (6144K)
 Metaspace       used 32228K, committed 32576K, reserved 1114112K
  class space    used 4469K, committed 4608K, reserved 1048576K
}
Event: 3.181 GC heap after
{Heap after GC invocations=6 (full 0):
 garbage-first heap   total 86016K, used 29580K [0x0000000700000000, 0x0000000800000000)
  region size 2048K, 2 young (4096K), 2 survivors (4096K)
 Metaspace       used 32228K, committed 32576K, reserved 1114112K
  class space    used 4469K, committed 4608K, reserved 1048576K
}
Event: 3.410 GC heap before
{Heap before GC invocations=6 (full 0):
 garbage-first heap   total 86016K, used 60300K [0x0000000700000000, 0x0000000800000000)
  region size 2048K, 17 young (34816K), 2 survivors (4096K)
 Metaspace       used 33923K, committed 34368K, reserved 1114112K
  class space    used 4724K, committed 4928K, reserved 1048576K
}
Event: 3.412 GC heap after
{Heap after GC invocations=7 (full 0):
 garbage-first heap   total 86016K, used 31502K [0x0000000700000000, 0x0000000800000000)
  region size 2048K, 1 young (2048K), 1 survivors (2048K)
 Metaspace       used 33923K, committed 34368K, reserved 1114112K
  class space    used 4724K, committed 4928K, reserved 1048576K
}
Event: 3.561 GC heap before
{Heap before GC invocations=7 (full 0):
 garbage-first heap   total 86016K, used 45838K [0x0000000700000000, 0x0000000800000000)
  region size 2048K, 10 young (20480K), 1 survivors (2048K)
 Metaspace       used 35535K, committed 35968K, reserved 1114112K
  class space    used 4882K, committed 5120K, reserved 1048576K
}
Event: 3.563 GC heap after
{Heap after GC invocations=8 (full 0):
 garbage-first heap   total 104448K, used 31951K [0x0000000700000000, 0x0000000800000000)
  region size 2048K, 2 young (4096K), 2 survivors (4096K)
 Metaspace       used 35535K, committed 35968K, reserved 1114112K
  class space    used 4882K, committed 5120K, reserved 1048576K
}
Event: 4.112 GC heap before
{Heap before GC invocations=9 (full 0):
 garbage-first heap   total 104448K, used 77007K [0x0000000700000000, 0x0000000800000000)
  region size 2048K, 24 young (49152K), 2 survivors (4096K)
 Metaspace       used 41381K, committed 41920K, reserved 1114112K
  class space    used 5805K, committed 6080K, reserved 1048576K
}
Event: 4.114 GC heap after
{Heap after GC invocations=10 (full 0):
 garbage-first heap   total 104448K, used 34762K [0x0000000700000000, 0x0000000800000000)
  region size 2048K, 3 young (6144K), 3 survivors (6144K)
 Metaspace       used 41381K, committed 41920K, reserved 1114112K
  class space    used 5805K, committed 6080K, reserved 1048576K
}
Event: 4.128 GC heap before
{Heap before GC invocations=10 (full 0):
 garbage-first heap   total 104448K, used 36810K [0x0000000700000000, 0x0000000800000000)
  region size 2048K, 4 young (8192K), 3 survivors (6144K)
 Metaspace       used 41575K, committed 42112K, reserved 1114112K
  class space    used 5838K, committed 6080K, reserved 1048576K
}
Event: 4.131 GC heap after
{Heap after GC invocations=11 (full 0):
 garbage-first heap   total 104448K, used 35067K [0x0000000700000000, 0x0000000800000000)
  region size 2048K, 1 young (2048K), 1 survivors (2048K)
 Metaspace       used 41575K, committed 42112K, reserved 1114112K
  class space    used 5838K, committed 6080K, reserved 1048576K
}
Event: 4.880 GC heap before
{Heap before GC invocations=11 (full 0):
 garbage-first heap   total 104448K, used 80123K [0x0000000700000000, 0x0000000800000000)
  region size 2048K, 23 young (47104K), 1 survivors (2048K)
 Metaspace       used 47046K, committed 47616K, reserved 1114112K
  class space    used 6581K, committed 6848K, reserved 1048576K
}
Event: 4.882 GC heap after
{Heap after GC invocations=12 (full 0):
 garbage-first heap   total 104448K, used 36400K [0x0000000700000000, 0x0000000800000000)
  region size 2048K, 2 young (4096K), 2 survivors (4096K)
 Metaspace       used 47046K, committed 47616K, reserved 1114112K
  class space    used 6581K, committed 6848K, reserved 1048576K
}
Event: 5.798 GC heap before
{Heap before GC invocations=12 (full 0):
 garbage-first heap   total 104448K, used 77360K [0x0000000700000000, 0x0000000800000000)
  region size 2048K, 23 young (47104K), 2 survivors (4096K)
 Metaspace       used 51414K, committed 51968K, reserved 1114112K
  class space    used 7230K, committed 7488K, reserved 1048576K
}
Event: 5.801 GC heap after
{Heap after GC invocations=13 (full 0):
 garbage-first heap   total 104448K, used 38545K [0x0000000700000000, 0x0000000800000000)
  region size 2048K, 3 young (6144K), 3 survivors (6144K)
 Metaspace       used 51414K, committed 51968K, reserved 1114112K
  class space    used 7230K, committed 7488K, reserved 1048576K
}
Event: 7.035 GC heap before
{Heap before GC invocations=13 (full 0):
 garbage-first heap   total 104448K, used 81553K [0x0000000700000000, 0x0000000800000000)
  region size 2048K, 24 young (49152K), 3 survivors (6144K)
 Metaspace       used 55056K, committed 55616K, reserved 1114112K
  class space    used 7872K, committed 8128K, reserved 1048576K
}
Event: 7.040 GC heap after
{Heap after GC invocations=14 (full 0):
 garbage-first heap   total 104448K, used 41353K [0x0000000700000000, 0x0000000800000000)
  region size 2048K, 3 young (6144K), 3 survivors (6144K)
 Metaspace       used 55056K, committed 55616K, reserved 1114112K
  class space    used 7872K, committed 8128K, reserved 1048576K
}

Deoptimization events (20 events):
Event: 16.931 Thread 0x00000112e70fd5f0 Uncommon trap: trap_request=0xffffff45 fr.pc=0x000001128f4deb8c relative=0x00000000000001ec
Event: 16.931 Thread 0x00000112e70fd5f0 Uncommon trap: reason=unstable_if action=reinterpret pc=0x000001128f4deb8c method=java.util.jar.JarFile.maybeInstantiateVerifier()V @ 4 c2
Event: 16.931 Thread 0x00000112e70fd5f0 DEOPT PACKING pc=0x000001128f4deb8c sp=0x00000006914f7c70
Event: 16.931 Thread 0x00000112e70fd5f0 DEOPT UNPACKING pc=0x000001128ed723a3 sp=0x00000006914f7bc8 mode 2
Event: 17.248 Thread 0x00000112e70fd5f0 Uncommon trap: trap_request=0xffffff45 fr.pc=0x000001128f5a1944 relative=0x00000000000002a4
Event: 17.248 Thread 0x00000112e70fd5f0 Uncommon trap: reason=unstable_if action=reinterpret pc=0x000001128f5a1944 method=java.util.LinkedHashMap.get(Ljava/lang/Object;)Ljava/lang/Object; @ 16 c2
Event: 17.248 Thread 0x00000112e70fd5f0 DEOPT PACKING pc=0x000001128f5a1944 sp=0x00000006914fabd0
Event: 17.248 Thread 0x00000112e70fd5f0 DEOPT UNPACKING pc=0x000001128ed723a3 sp=0x00000006914fab88 mode 2
Event: 17.248 Thread 0x00000112e70fd5f0 Uncommon trap: trap_request=0xffffff45 fr.pc=0x000001128f5972e0 relative=0x0000000000000060
Event: 17.248 Thread 0x00000112e70fd5f0 Uncommon trap: reason=unstable_if action=reinterpret pc=0x000001128f5972e0 method=java.util.LinkedHashMap.afterNodeAccess(Ljava/util/HashMap$Node;)V @ 4 c2
Event: 17.248 Thread 0x00000112e70fd5f0 DEOPT PACKING pc=0x000001128f5972e0 sp=0x00000006914fab70
Event: 17.248 Thread 0x00000112e70fd5f0 DEOPT UNPACKING pc=0x000001128ed723a3 sp=0x00000006914faaf0 mode 2
Event: 17.255 Thread 0x00000112e70fd5f0 Uncommon trap: trap_request=0xffffff45 fr.pc=0x000001128f676ba0 relative=0x0000000000000100
Event: 17.255 Thread 0x00000112e70fd5f0 Uncommon trap: reason=unstable_if action=reinterpret pc=0x000001128f676ba0 method=java.math.BigInteger.addOne([IIII)I @ 55 c2
Event: 17.255 Thread 0x00000112e70fd5f0 DEOPT PACKING pc=0x000001128f676ba0 sp=0x00000006914fa530
Event: 17.255 Thread 0x00000112e70fd5f0 DEOPT UNPACKING pc=0x000001128ed723a3 sp=0x00000006914fa4d0 mode 2
Event: 17.262 Thread 0x00000112e70fd5f0 DEOPT PACKING pc=0x000001128806cc42 sp=0x00000006914fa8a0
Event: 17.262 Thread 0x00000112e70fd5f0 DEOPT UNPACKING pc=0x000001128ed72b43 sp=0x00000006914f9d38 mode 0
Event: 17.477 Thread 0x00000112e70fd5f0 DEOPT PACKING pc=0x000001128826e325 sp=0x00000006914f9780
Event: 17.477 Thread 0x00000112e70fd5f0 DEOPT UNPACKING pc=0x000001128ed72b43 sp=0x00000006914f8c48 mode 0

Classes unloaded (0 events):
No events

Classes redefined (0 events):
No events

Internal exceptions (20 events):
Event: 14.910 Thread 0x00000112e7348590 Exception <a 'java/lang/NoSuchMethodError'{0x00000007052e5360}: static Lorg/gradle/internal/classloader/ClassLoaderSpec;.<clinit>()V> (0x00000007052e5360) 
thrown [s\open\src\hotspot\share\prims\jni.cpp, line 1112]
Event: 14.911 Thread 0x00000112e7348590 Exception <a 'java/lang/NoSuchMethodError'{0x00000007052f0e78}: static Lorg/gradle/internal/classloader/VisitableURLClassLoader$Spec;.<clinit>()V> (0x00000007052f0e78) 
thrown [s\open\src\hotspot\share\prims\jni.cpp, line 1112]
Event: 16.313 Thread 0x00000112ea8b9c50 Exception <a 'java/lang/NoSuchMethodError'{0x0000000705394650}: 'void java.lang.invoke.DirectMethodHandle$Holder.invokeSpecial(java.lang.Object, java.lang.Object, java.lang.Object, int)'> (0x0000000705394650) 
thrown [s\open\src\hotspot\share\interpreter\linkResolver.cpp, line 759]
Event: 16.332 Thread 0x00000112ea8b9c50 Exception <a 'java/lang/NoSuchMethodError'{0x00000007053b32a0}: static Lorg/gradle/tooling/internal/provider/serialization/ClientOwnedClassLoaderSpec;.<clinit>()V> (0x00000007053b32a0) 
thrown [s\open\src\hotspot\share\prims\jni.cpp, line 1112]
Event: 16.788 Thread 0x00000112e70fd5f0 Implicit null exception at 0x000001128f49fc0c to 0x000001128f49fd42
Event: 16.928 Thread 0x00000112e70fd5f0 Exception <a 'java/lang/NoSuchMethodError'{0x0000000704920fe0}: static Lorg/gradle/tooling/internal/consumer/connection/InternalPhasedActionAdapter;.<clinit>()V> (0x0000000704920fe0) 
thrown [s\open\src\hotspot\share\prims\jni.cpp, line 1112]
Event: 16.943 Thread 0x00000112e70fd5f0 Exception <a 'java/lang/NoSuchMethodError'{0x0000000704951d98}: static Lorg/gradle/tooling/internal/consumer/connection/InternalBuildActionAdapter;.<clinit>()V> (0x0000000704951d98) 
thrown [s\open\src\hotspot\share\prims\jni.cpp, line 1112]
Event: 17.304 Thread 0x00000112e70fd5f0 Exception <a 'java/lang/NoSuchMethodError'{0x0000000704693ed0}: static Lorg/gradle/tooling/internal/consumer/versioning/VersionDetails;.<clinit>()V> (0x0000000704693ed0) 
thrown [s\open\src\hotspot\share\prims\jni.cpp, line 1112]
Event: 17.305 Thread 0x00000112e70fd5f0 Exception <a 'java/lang/NoSuchMethodError'{0x0000000704696890}: static Lorg/gradle/tooling/internal/consumer/versioning/VersionDetails$R26VersionDetails;.<clinit>()V> (0x0000000704696890) 
thrown [s\open\src\hotspot\share\prims\jni.cpp, line 1112]
Event: 17.306 Thread 0x00000112e70fd5f0 Exception <a 'java/lang/NoSuchMethodError'{0x0000000704697e08}: static Lorg/gradle/tooling/internal/consumer/versioning/VersionDetails$R28VersionDetails;.<clinit>()V> (0x0000000704697e08) 
thrown [s\open\src\hotspot\share\prims\jni.cpp, line 1112]
Event: 17.306 Thread 0x00000112e70fd5f0 Exception <a 'java/lang/NoSuchMethodError'{0x0000000704699310}: static Lorg/gradle/tooling/internal/consumer/versioning/VersionDetails$R35VersionDetails;.<clinit>()V> (0x0000000704699310) 
thrown [s\open\src\hotspot\share\prims\jni.cpp, line 1112]
Event: 17.306 Thread 0x00000112e70fd5f0 Exception <a 'java/lang/NoSuchMethodError'{0x000000070469a9e0}: static Lorg/gradle/tooling/internal/consumer/versioning/VersionDetails$R44VersionDetails;.<clinit>()V> (0x000000070469a9e0) 
thrown [s\open\src\hotspot\share\prims\jni.cpp, line 1112]
Event: 17.306 Thread 0x00000112e70fd5f0 Exception <a 'java/lang/NoSuchMethodError'{0x0000000704768f80}: static Lorg/gradle/tooling/internal/consumer/versioning/VersionDetails$R48VersionDetails;.<clinit>()V> (0x0000000704768f80) 
thrown [s\open\src\hotspot\share\prims\jni.cpp, line 1112]
Event: 17.306 Thread 0x00000112e70fd5f0 Exception <a 'java/lang/NoSuchMethodError'{0x000000070476a180}: static Lorg/gradle/tooling/internal/consumer/versioning/VersionDetails$R51VersionDetails;.<clinit>()V> (0x000000070476a180) 
thrown [s\open\src\hotspot\share\prims\jni.cpp, line 1112]
Event: 17.313 Thread 0x00000112e70fd5f0 Exception <a 'java/lang/NoSuchMethodError'{0x0000000704779590}: static [Lorg/gradle/tooling/BuildAction;.<clinit>()V> (0x0000000704779590) 
thrown [s\open\src\hotspot\share\prims\jni.cpp, line 1112]
Event: 17.318 Thread 0x00000112e70fd5f0 Exception <a 'java/lang/NoSuchMethodError'{0x0000000704788590}: static Lorg/eclipse/buildship/core/internal/workspace/TellGradleToRunSynchronizationTasks;.<clinit>()V> (0x0000000704788590) 
thrown [s\open\src\hotspot\share\prims\jni.cpp, line 1112]
Event: 17.486 Thread 0x00000112e70fd5f0 Exception <a 'java/lang/ClassNotFoundException'{0x00000007045b3d10}: init_3disan9jsm0ivgowsl8wm66aqBeanInfo> (0x00000007045b3d10) 
thrown [s\open\src\hotspot\share\classfile\systemDictionary.cpp, line 256]
Event: 17.486 Thread 0x00000112e70fd5f0 Exception <a 'java/lang/ClassNotFoundException'{0x00000007045ba860}: init_3disan9jsm0ivgowsl8wm66aqCustomizer> (0x00000007045ba860) 
thrown [s\open\src\hotspot\share\classfile\systemDictionary.cpp, line 256]
Event: 17.530 Thread 0x00000112e70fd5f0 Exception <a 'java/lang/ClassNotFoundException'{0x00000007042905a8}: init_9xgcim9l9hig03lfmw2skvs5cBeanInfo> (0x00000007042905a8) 
thrown [s\open\src\hotspot\share\classfile\systemDictionary.cpp, line 256]
Event: 17.532 Thread 0x00000112e70fd5f0 Exception <a 'java/lang/ClassNotFoundException'{0x00000007042970f8}: init_9xgcim9l9hig03lfmw2skvs5cCustomizer> (0x00000007042970f8) 
thrown [s\open\src\hotspot\share\classfile\systemDictionary.cpp, line 256]

VM Operations (20 events):
Event: 14.579 Executing VM operation: HandshakeAllThreads
Event: 14.579 Executing VM operation: HandshakeAllThreads done
Event: 14.627 Executing VM operation: HandshakeAllThreads
Event: 14.641 Executing VM operation: HandshakeAllThreads done
Event: 14.747 Executing VM operation: HandshakeAllThreads
Event: 14.767 Executing VM operation: HandshakeAllThreads done
Event: 14.926 Executing VM operation: HandshakeAllThreads
Event: 14.926 Executing VM operation: HandshakeAllThreads done
Event: 14.937 Executing VM operation: ICBufferFull
Event: 14.972 Executing VM operation: ICBufferFull done
Event: 14.977 Executing VM operation: ICBufferFull
Event: 14.977 Executing VM operation: ICBufferFull done
Event: 16.717 Executing VM operation: HandshakeAllThreads
Event: 16.717 Executing VM operation: HandshakeAllThreads done
Event: 16.717 Executing VM operation: Cleanup
Event: 16.717 Executing VM operation: Cleanup done
Event: 16.797 Executing VM operation: HandshakeAllThreads
Event: 16.797 Executing VM operation: HandshakeAllThreads done
Event: 16.798 Executing VM operation: HandshakeAllThreads
Event: 16.798 Executing VM operation: HandshakeAllThreads done

Events (20 events):
Event: 16.917 loading class javax/crypto/SecretKey done
Event: 16.918 loading class java/util/Base64
Event: 16.918 loading class java/util/Base64 done
Event: 16.918 loading class java/util/Base64$Decoder
Event: 16.918 loading class java/util/Base64$Decoder done
Event: 16.918 loading class java/util/Base64$Encoder
Event: 16.918 loading class java/util/Base64$Encoder done
Event: 16.921 loading class java/util/jar/JarVerifier$VerifierStream
Event: 16.921 loading class java/util/jar/JarVerifier$VerifierStream done
Event: 16.921 loading class sun/security/util/ManifestEntryVerifier$SunProviderHolder
Event: 16.921 loading class sun/security/util/ManifestEntryVerifier$SunProviderHolder done
Event: 17.249 Thread 0x00000112e6161280 Thread exited: 0x00000112e6161280
Event: 17.359 Thread 0x00000112ea8b5a80 Thread added: 0x00000112ea8b5a80
Event: 17.395 Thread 0x00000112ea8b9740 Thread added: 0x00000112ea8b9740
Event: 17.410 Thread 0x00000112ea8b69b0 Thread added: 0x00000112ea8b69b0
Event: 17.435 Thread 0x00000112ea8b5f90 Thread added: 0x00000112ea8b5f90
Event: 17.465 Thread 0x00000112ea8b78e0 Thread added: 0x00000112ea8b78e0
Event: 17.473 Thread 0x00000112ea8b6ec0 Thread added: 0x00000112ea8b6ec0
Event: 17.499 Thread 0x00000112ea8b7df0 Thread added: 0x00000112ea8b7df0
Event: 17.524 Thread 0x00000112e6942f60 Thread added: 0x00000112e6942f60


Dynamic libraries:
0x00007ff747e30000 - 0x00007ff747e40000 	C:\Program Files\Java\jdk-17.0.12\bin\java.exe
0x00007ffa9c8b0000 - 0x00007ffa9cac8000 	C:\Windows\SYSTEM32\ntdll.dll
0x00007ffa9b750000 - 0x00007ffa9b814000 	C:\Windows\System32\KERNEL32.DLL
0x00007ffa99c80000 - 0x00007ffa9a053000 	C:\Windows\System32\KERNELBASE.dll
0x00007ffa99b60000 - 0x00007ffa99c71000 	C:\Windows\System32\ucrtbase.dll
0x00007ffa11150000 - 0x00007ffa11169000 	C:\Program Files\Java\jdk-17.0.12\bin\jli.dll
0x00007ffa11170000 - 0x00007ffa1118b000 	C:\Program Files\Java\jdk-17.0.12\bin\VCRUNTIME140.dll
0x00007ffa9a550000 - 0x00007ffa9a601000 	C:\Windows\System32\ADVAPI32.dll
0x00007ffa9bd20000 - 0x00007ffa9bdc7000 	C:\Windows\System32\msvcrt.dll
0x00007ffa9a6d0000 - 0x00007ffa9a778000 	C:\Windows\System32\sechost.dll
0x00007ffa9a520000 - 0x00007ffa9a548000 	C:\Windows\System32\bcrypt.dll
0x00007ffa9b820000 - 0x00007ffa9b938000 	C:\Windows\System32\RPCRT4.dll
0x00007ffa9bab0000 - 0x00007ffa9bc62000 	C:\Windows\System32\USER32.dll
0x00007ffa9a3b0000 - 0x00007ffa9a3d6000 	C:\Windows\System32\win32u.dll
0x00007ffa9a790000 - 0x00007ffa9a7b9000 	C:\Windows\System32\GDI32.dll
0x00007ffa7ff30000 - 0x00007ffa801cc000 	C:\Windows\WinSxS\amd64_microsoft.windows.common-controls_6595b64144ccf1df_6.0.22621.6060_none_2712eda17382d24b\COMCTL32.dll
0x00007ffa9a120000 - 0x00007ffa9a23b000 	C:\Windows\System32\gdi32full.dll
0x00007ffa99ac0000 - 0x00007ffa99b5a000 	C:\Windows\System32\msvcp_win.dll
0x00007ffa8a6e0000 - 0x00007ffa8a6ea000 	C:\Windows\SYSTEM32\VERSION.dll
0x00007ffa9a690000 - 0x00007ffa9a6c1000 	C:\Windows\System32\IMM32.DLL
0x00007ffa11140000 - 0x00007ffa1114c000 	C:\Program Files\Java\jdk-17.0.12\bin\vcruntime140_1.dll
0x00007ffa0a360000 - 0x00007ffa0a3ee000 	C:\Program Files\Java\jdk-17.0.12\bin\msvcp140.dll
0x00007ff9d0e60000 - 0x00007ff9d1a40000 	C:\Program Files\Java\jdk-17.0.12\bin\server\jvm.dll
0x00007ffa9a940000 - 0x00007ffa9a948000 	C:\Windows\System32\PSAPI.DLL
0x00007ffa76a50000 - 0x00007ffa76a59000 	C:\Windows\SYSTEM32\WSOCK32.dll
0x00007ffa9a610000 - 0x00007ffa9a681000 	C:\Windows\System32\WS2_32.dll
0x00007ffa8d3f0000 - 0x00007ffa8d424000 	C:\Windows\SYSTEM32\WINMM.dll
0x00007ffa98a90000 - 0x00007ffa98aa8000 	C:\Windows\SYSTEM32\kernel.appcore.dll
0x00007ffa11130000 - 0x00007ffa1113a000 	C:\Program Files\Java\jdk-17.0.12\bin\jimage.dll
0x00007ffa96d40000 - 0x00007ffa96f73000 	C:\Windows\SYSTEM32\DBGHELP.DLL
0x00007ffa9b000000 - 0x00007ffa9b391000 	C:\Windows\System32\combase.dll
0x00007ffa9b670000 - 0x00007ffa9b748000 	C:\Windows\System32\OLEAUT32.dll
0x00007ffa89ac0000 - 0x00007ffa89af2000 	C:\Windows\SYSTEM32\dbgcore.DLL
0x00007ffa999c0000 - 0x00007ffa99a3b000 	C:\Windows\System32\bcryptPrimitives.dll
0x00007ffa11100000 - 0x00007ffa11125000 	C:\Program Files\Java\jdk-17.0.12\bin\java.dll
0x00007ffa0a280000 - 0x00007ffa0a357000 	C:\Program Files\Java\jdk-17.0.12\bin\jsvml.dll
0x00007ffa9bdd0000 - 0x00007ffa9c66c000 	C:\Windows\System32\SHELL32.dll
0x00007ffa9a3e0000 - 0x00007ffa9a51f000 	C:\Windows\System32\wintypes.dll
0x00007ffa97890000 - 0x00007ffa981aa000 	C:\Windows\SYSTEM32\windows.storage.dll
0x00007ffa9b990000 - 0x00007ffa9ba94000 	C:\Windows\System32\SHCORE.dll
0x00007ffa9af90000 - 0x00007ffa9aff9000 	C:\Windows\System32\shlwapi.dll
0x00007ffa998f0000 - 0x00007ffa99915000 	C:\Windows\SYSTEM32\profapi.dll
0x00007ffa110e0000 - 0x00007ffa110f9000 	C:\Program Files\Java\jdk-17.0.12\bin\net.dll
0x00007ffa8f8c0000 - 0x00007ffa8f9ec000 	C:\Windows\SYSTEM32\WINHTTP.dll
0x00007ffa98f70000 - 0x00007ffa98fd9000 	C:\Windows\system32\mswsock.dll
0x00007ffa10d90000 - 0x00007ffa10da6000 	C:\Program Files\Java\jdk-17.0.12\bin\nio.dll
0x00007ffa10d70000 - 0x00007ffa10d88000 	C:\Program Files\Java\jdk-17.0.12\bin\zip.dll
0x00007ffa110a0000 - 0x00007ffa110b0000 	C:\Program Files\Java\jdk-17.0.12\bin\verify.dll
0x00007ffa0ab50000 - 0x00007ffa0ab77000 	C:\Users\ACER\.gradle\native\c067742578af261105cb4f569cf0c3c89f3d7b1fecec35dd04571415982c5e48\windows-amd64\native-platform.dll
0x00007ffa0a560000 - 0x00007ffa0a6a4000 	C:\Users\ACER\.gradle\native\38dada09dfb8b06ba9b0570ebf7e218e3eb74d4ef43ca46872605cf95ebc2f47\windows-amd64\native-platform-file-events.dll
0x00007ffa10d30000 - 0x00007ffa10d3a000 	C:\Program Files\Java\jdk-17.0.12\bin\management.dll
0x00007ffa0ab40000 - 0x00007ffa0ab4b000 	C:\Program Files\Java\jdk-17.0.12\bin\management_ext.dll
0x00007ffa991c0000 - 0x00007ffa991db000 	C:\Windows\SYSTEM32\CRYPTSP.dll
0x00007ffa989f0000 - 0x00007ffa98a27000 	C:\Windows\system32\rsaenh.dll
0x00007ffa99060000 - 0x00007ffa99088000 	C:\Windows\SYSTEM32\USERENV.dll
0x00007ffa991e0000 - 0x00007ffa991ec000 	C:\Windows\SYSTEM32\CRYPTBASE.dll
0x00007ffa984d0000 - 0x00007ffa984fd000 	C:\Windows\SYSTEM32\IPHLPAPI.DLL
0x00007ffa9a780000 - 0x00007ffa9a789000 	C:\Windows\System32\NSI.dll
0x00007ffa8f8a0000 - 0x00007ffa8f8b9000 	C:\Windows\SYSTEM32\dhcpcsvc6.DLL
0x00007ffa8f880000 - 0x00007ffa8f89f000 	C:\Windows\SYSTEM32\dhcpcsvc.DLL
0x00007ffa98550000 - 0x00007ffa98648000 	C:\Windows\SYSTEM32\DNSAPI.dll
0x00007ffa0ab00000 - 0x00007ffa0ab0e000 	C:\Program Files\Java\jdk-17.0.12\bin\sunmscapi.dll
0x00007ffa9a240000 - 0x00007ffa9a3a8000 	C:\Windows\System32\CRYPT32.dll
0x00007ffa99360000 - 0x00007ffa9938e000 	C:\Windows\SYSTEM32\ncrypt.dll
0x00007ffa99320000 - 0x00007ffa99357000 	C:\Windows\SYSTEM32\NTASN1.dll
0x00007ffa68030000 - 0x00007ffa68038000 	C:\Windows\system32\wshunix.dll

dbghelp: loaded successfully - version: 4.0.5 - missing functions: none
symbol engine: initialized successfully - sym options: 0x614 - pdb path: .;C:\Program Files\Java\jdk-17.0.12\bin;C:\Windows\SYSTEM32;C:\Windows\WinSxS\amd64_microsoft.windows.common-controls_6595b64144ccf1df_6.0.22621.6060_none_2712eda17382d24b;C:\Program Files\Java\jdk-17.0.12\bin\server;C:\Users\ACER\.gradle\native\c067742578af261105cb4f569cf0c3c89f3d7b1fecec35dd04571415982c5e48\windows-amd64;C:\Users\ACER\.gradle\native\38dada09dfb8b06ba9b0570ebf7e218e3eb74d4ef43ca46872605cf95ebc2f47\windows-amd64

VM Arguments:
jvm_args: -XX:+HeapDumpOnOutOfMemoryError --add-opens=java.base/java.util=ALL-UNNAMED --add-opens=java.base/java.lang=ALL-UNNAMED --add-opens=java.base/java.lang.invoke=ALL-UNNAMED --add-opens=java.prefs/java.util.prefs=ALL-UNNAMED --add-opens=java.base/java.nio.charset=ALL-UNNAMED --add-opens=java.base/java.net=ALL-UNNAMED --add-opens=java.base/java.util.concurrent.atomic=ALL-UNNAMED -Xmx4G -Dfile.encoding=utf8 -Duser.country=ID -Duser.language=en -Duser.variant 
java_command: org.gradle.launcher.daemon.bootstrap.GradleDaemon 7.6.3
java_class_path (initial): C:\Users\ACER\.gradle\wrapper\dists\gradle-7.6.3-all\aocdy2d2z8kodnny3rsumj8i8\gradle-7.6.3\lib\gradle-launcher-7.6.3.jar
Launcher Type: SUN_STANDARD

[Global flags]
     intx CICompilerCount                          = 4                                         {product} {ergonomic}
     uint ConcGCThreads                            = 3                                         {product} {ergonomic}
     uint G1ConcRefinementThreads                  = 10                                        {product} {ergonomic}
   size_t G1HeapRegionSize                         = 2097152                                   {product} {ergonomic}
    uintx GCDrainStackTargetSize                   = 64                                        {product} {ergonomic}
     bool HeapDumpOnOutOfMemoryError               = true                                   {manageable} {command line}
   size_t InitialHeapSize                          = 264241152                                 {product} {ergonomic}
   size_t MarkStackSize                            = 4194304                                   {product} {ergonomic}
   size_t MaxHeapSize                              = 4294967296                                {product} {command line}
   size_t MaxNewSize                               = 2575302656                                {product} {ergonomic}
   size_t MinHeapDeltaBytes                        = 2097152                                   {product} {ergonomic}
   size_t MinHeapSize                              = 8388608                                   {product} {ergonomic}
    uintx NonNMethodCodeHeapSize                   = 5839372                                {pd product} {ergonomic}
    uintx NonProfiledCodeHeapSize                  = 122909434                              {pd product} {ergonomic}
    uintx ProfiledCodeHeapSize                     = 122909434                              {pd product} {ergonomic}
    uintx ReservedCodeCacheSize                    = 251658240                              {pd product} {ergonomic}
     bool SegmentedCodeCache                       = true                                      {product} {ergonomic}
   size_t SoftMaxHeapSize                          = 4294967296                             {manageable} {ergonomic}
     bool UseCompressedClassPointers               = true                           {product lp64_product} {ergonomic}
     bool UseCompressedOops                        = true                           {product lp64_product} {ergonomic}
     bool UseG1GC                                  = true                                      {product} {ergonomic}
     bool UseLargePagesIndividualAllocation        = false                                  {pd product} {ergonomic}

Logging:
Log output configuration:
 #0: stdout all=warning uptime,level,tags
 #1: stderr all=off uptime,level,tags

Environment Variables:
PATH=C:\Program Files\Java\jdk-17.0.12\bin;C:\Program Files (x86)\Common Files\Oracle\Java\javapath;C:\Windows\system32;C:\Windows;C:\Windows\System32\Wbem;C:\Windows\System32\WindowsPowerShell\v1.0\;C:\Windows\System32\OpenSSH\;C:\Program Files (x86)\NVIDIA Corporation\PhysX\Common;C:\Program Files\dotnet\;C:\MinGW\bin;C:\Program Files (x86)\Microsoft SQL Server\160\Tools\Binn\;C:\Program Files\Microsoft SQL Server\160\Tools\Binn\;C:\Program Files\Microsoft SQL Server\Client SDK\ODBC\170\Tools\Binn\;C:\Program Files\Microsoft SQL Server\160\DTS\Binn\;C:\Program Files (x86)\Microsoft SQL Server\160\DTS\Binn\;C:\Program Files\Java\apache-maven-3.9.11\bin;C:\Program Files\Java\apache-maven-3.9.11\bin;C:\Program Files\Git\cmd;C:\Program Files\nodejs\;C:\Program Files\Microsoft SQL Server\170\Tools\Binn\;D:\caidatungdung\flutter\bin;C:\Program Files\MySQL\MySQL Shell 8.0\bin\;C:\Users\ACER\AppData\Local\Microsoft\WindowsApps;D:\Microsoft VS Code\bin;C:\Program Files\Azure Data Studio\bin;C:\Users\ACER\AppData\Roaming\npm;C:\Program Files\nodejs;C:\Users\ACER\AppData\Local\GitHubDesktop\bin;C:\Users\ACER\AppData\Local\Programs\Antigravity\bin;C:\Users\ACER\.dotnet\tools;C:\Users\ACER\AppData\Local\Programs\Antigravity IDE\bin
USERNAME=ACER
OS=Windows_NT
PROCESSOR_IDENTIFIER=Intel64 Family 6 Model 154 Stepping 3, GenuineIntel



---------------  S Y S T E M  ---------------

OS:
 Windows 11 , 64 bit Build 22621 (10.0.22621.5415)
OS uptime: 0 days 2:10 hours
Hyper-V role detected

CPU: total 12 (initial active 12) (6 cores per cpu, 2 threads per core) family 6 model 154 stepping 3 microcode 0x42a, cx8, cmov, fxsr, ht, mmx, 3dnowpref, sse, sse2, sse3, ssse3, sse4.1, sse4.2, popcnt, lzcnt, tsc, tscinvbit, avx, avx2, aes, erms, clmul, bmi1, bmi2, adx, sha, fma, vzeroupper, clflush, clflushopt, clwb, hv

Memory: 4k page, system-wide physical 16088M (4526M free)
TotalPageFile size 20184M (AvailPageFile size 5M)
current process WorkingSet (physical memory assigned to process): 291M, peak: 304M
current process commit charge ("private bytes"): 335M, peak: 452M

vm_info: Java HotSpot(TM) 64-Bit Server VM (17.0.12+8-LTS-286) for windows-amd64 JRE (17.0.12+8-LTS-286), built on Jun  5 2024 06:46:59 by "mach5one" with MS VC++ 17.6 (VS2022)

END.
