#
# There is insufficient memory for the Java Runtime Environment to continue.
# Native memory allocation (mmap) failed to map 119537664 bytes for G1 virtual space
# Possible reasons:
#   The system is out of physical RAM or swap space
#   The process is running with CompressedOops enabled, and the Java Heap may be blocking the growth of the native heap
# Possible solutions:
#   Reduce memory load on the system
#   Increase physical memory or swap space
#   Check if swap backing store is full
#   Decrease Java heap size (-Xmx/-Xms)
#   Decrease number of Java threads
#   Decrease Java thread stack sizes (-Xss)
#   Set larger code cache with -XX:ReservedCodeCacheSize=
#   JVM is running with Zero Based Compressed Oops mode in which the Java heap is
#     placed in the first 32GB address space. The Java Heap base address is the
#     maximum limit for the native heap growth. Please use -XX:HeapBaseMinAddress
#     to set the Java Heap base and to place the Java Heap above 32GB virtual address.
# This output file may be truncated or incomplete.
#
#  Out of Memory Error (os_windows.cpp:3548), pid=7184, tid=22960
#
# JRE version: Java(TM) SE Runtime Environment (17.0.12+8) (build 17.0.12+8-LTS-286)
# Java VM: Java HotSpot(TM) 64-Bit Server VM (17.0.12+8-LTS-286, mixed mode, sharing, tiered, compressed oops, compressed class ptrs, g1 gc, windows-amd64)
# No core dump will be written. Minidumps are not enabled by default on client versions of Windows
#

---------------  S U M M A R Y ------------

Command Line: -XX:+HeapDumpOnOutOfMemoryError --add-opens=java.base/java.util=ALL-UNNAMED --add-opens=java.base/java.lang=ALL-UNNAMED --add-opens=java.base/java.lang.invoke=ALL-UNNAMED --add-opens=java.prefs/java.util.prefs=ALL-UNNAMED --add-opens=java.base/java.nio.charset=ALL-UNNAMED --add-opens=java.base/java.net=ALL-UNNAMED --add-opens=java.base/java.util.concurrent.atomic=ALL-UNNAMED -Xmx4G -Dfile.encoding=utf8 -Duser.country=ID -Duser.language=en -Duser.variant org.gradle.launcher.daemon.bootstrap.GradleDaemon 7.6.3

Host: 12th Gen Intel(R) Core(TM) i5-12450H, 12 cores, 15G,  Windows 11 , 64 bit Build 22621 (10.0.22621.5415)
Time: Fri Jun  5 21:03:52 2026 SE Asia Standard Time elapsed time: 49.851634 seconds (0d 0h 0m 49s)

---------------  T H R E A D  ---------------

Current thread (0x0000019ab0eae8e0):  VMThread "VM Thread" [stack: 0x000000036e400000,0x000000036e500000] [id=22960]

Stack: [0x000000036e400000,0x000000036e500000]
Native frames: (J=compiled Java code, j=interpreted, Vv=VM code, C=native code)
V  [jvm.dll+0x67a04a]
V  [jvm.dll+0x7da4ed]
V  [jvm.dll+0x7dbe33]
V  [jvm.dll+0x7dc4a3]
V  [jvm.dll+0x24508f]
V  [jvm.dll+0x677089]
V  [jvm.dll+0x66bd32]
V  [jvm.dll+0x301fa6]
V  [jvm.dll+0x309546]
V  [jvm.dll+0x359d2e]
V  [jvm.dll+0x359f5f]
V  [jvm.dll+0x2d9078]
V  [jvm.dll+0x2d74ad]
V  [jvm.dll+0x2d6afc]
V  [jvm.dll+0x31a65b]
V  [jvm.dll+0x7e0d9b]
V  [jvm.dll+0x7e1ad4]
V  [jvm.dll+0x7e1fed]
V  [jvm.dll+0x7e23c4]
V  [jvm.dll+0x7e2490]
V  [jvm.dll+0x78abea]
V  [jvm.dll+0x678f35]
C  [ucrtbase.dll+0x29333]
C  [KERNEL32.DLL+0x1259d]
C  [ntdll.dll+0x5af78]

VM_Operation (0x00000003708fe1f0): G1CollectForAllocation, mode: safepoint, requested by thread 0x0000019afa6042e0


---------------  P R O C E S S  ---------------

Threads class SMR info:
_java_thread_list=0x0000019afbea84f0, length=194, elements={
0x0000019a8e488450, 0x0000019ab17350b0, 0x0000019ab1735d40, 0x0000019ab174bc00,
0x0000019ab174f4f0, 0x0000019ab1750dd0, 0x0000019ab17516a0, 0x0000019ab1752350,
0x0000019ab1754d20, 0x0000019ab175ab40, 0x0000019ab18a00b0, 0x0000019ab18a25a0,
0x0000019af82feae0, 0x0000019af85162a0, 0x0000019af8915f20, 0x0000019af89bef60,
0x0000019af80f2590, 0x0000019af8439bb0, 0x0000019af843aff0, 0x0000019af8438260,
0x0000019af8437840, 0x0000019af843a0c0, 0x0000019af8438770, 0x0000019af843aae0,
0x0000019af843a5d0, 0x0000019af8437d50, 0x0000019af8439190, 0x0000019afa607a90,
0x0000019afa602ea0, 0x0000019afa6042e0, 0x0000019afa600b30, 0x0000019afa6084b0,
0x0000019afa602480, 0x0000019afa6033b0, 0x0000019afa6047f0, 0x0000019afa605c30,
0x0000019afa607070, 0x0000019afa6038c0, 0x0000019afa606650, 0x0000019afa601a60,
0x0000019afa605210, 0x0000019afa605720, 0x0000019afa606b60, 0x0000019afa603dd0,
0x0000019af94c1570, 0x0000019af94c84d0, 0x0000019af94c4300, 0x0000019af94c3df0,
0x0000019af94c4810, 0x0000019af94c5230, 0x0000019af94c2ec0, 0x0000019af94c5c50,
0x0000019af94c75a0, 0x0000019af94c29b0, 0x0000019af94c33d0, 0x0000019af94c1f90,
0x0000019af94c24a0, 0x0000019af94c6160, 0x0000019af94c6670, 0x0000019af94c1a80,
0x0000019af94c7ab0, 0x0000019af94c7fc0, 0x0000019af94c38e0, 0x0000019af94c1060,
0x0000019af94c89e0, 0x0000019afbf60890, 0x0000019afbf5ea30, 0x0000019afbf5e520,
0x0000019afbf5db00, 0x0000019afbf5e010, 0x0000019afbf5d0e0, 0x0000019afbf5f960,
0x0000019afbf5ef40, 0x0000019afbf5f450, 0x0000019afbf5fe70, 0x0000019afbf60380,
0x0000019afbf5c6c0, 0x0000019afbf5bca0, 0x0000019afbf62c00, 0x0000019afbf60da0,
0x0000019afbf612b0, 0x0000019afbf617c0, 0x0000019afbf626f0, 0x0000019afbf63110,
0x0000019afbf63620, 0x0000019afbf5c1b0, 0x0000019afbf5cbd0, 0x0000019afbf5d5f0,
0x0000019af7787900, 0x0000019af7783730, 0x0000019af7784b70, 0x0000019af77822f0,
0x0000019af7782d10, 0x0000019af7785fb0, 0x0000019af77864c0, 0x0000019af7783c40,
0x0000019af7787e10, 0x0000019af77818d0, 0x0000019af7785080, 0x0000019af7781de0,
0x0000019af7784150, 0x0000019af77873f0, 0x0000019af7788320, 0x0000019af7786ee0,
0x0000019af77869d0, 0x0000019af7785590, 0x0000019af7785aa0, 0x0000019af7784660,
0x0000019af7780eb0, 0x0000019af7782800, 0x0000019af7788830, 0x0000019af77813c0,
0x0000019af7783220, 0x0000019afa29cad0, 0x0000019afa29df10, 0x0000019afa29ac70,
0x0000019afa29a250, 0x0000019afa29e420, 0x0000019afa29cfe0, 0x0000019afa29e930,
0x0000019afa29b690, 0x0000019afa29ee40, 0x0000019afa29bba0, 0x0000019afa29f860,
0x0000019afa2a0280, 0x0000019afa29da00, 0x0000019afa298e10, 0x0000019afa29a760,
0x0000019afa29f350, 0x0000019afa299d40, 0x0000019afa29c0b0, 0x0000019afa29fd70,
0x0000019afa299320, 0x0000019afa2a0790, 0x0000019afa299830, 0x0000019afa29c5c0,
0x0000019afa29d4f0, 0x0000019afa29b180, 0x0000019afacb2510, 0x0000019afacb8540,
0x0000019afacb1af0, 0x0000019afacb7610, 0x0000019afacb7b20, 0x0000019afacb3e60,
0x0000019afacb57b0, 0x0000019afacb2a20, 0x0000019afacb5cc0, 0x0000019afacb8a50,
0x0000019afacb61d0, 0x0000019afacb6bf0, 0x0000019afacb2f30, 0x0000019afacb8030,
0x0000019afacb4370, 0x0000019afacb7100, 0x0000019afacb9470, 0x0000019afacb4880,
0x0000019afacb66e0, 0x0000019afacb2000, 0x0000019afacb8f60, 0x0000019afacb3440,
0x0000019afacb3950, 0x0000019afacb4d90, 0x0000019afacb52a0, 0x0000019afbfcccc0,
0x0000019afbfcf030, 0x0000019afbfc9510, 0x0000019afbfcd1d0, 0x0000019afbfcae60,
0x0000019afbfcd6e0, 0x0000019afbfc8af0, 0x0000019afbfcfa50, 0x0000019afbfca950,
0x0000019afbfcc2a0, 0x0000019afbfcdbf0, 0x0000019afbfcb370, 0x0000019afbfce100,
0x0000019afbfcc7b0, 0x0000019afbfcb880, 0x0000019afbfcbd90, 0x0000019afbfceb20,
0x0000019afbfcf540, 0x0000019afbfc9a20, 0x0000019afbfce610, 0x0000019afbfc85e0,
0x0000019afbfcff60, 0x0000019afbfc9000, 0x0000019afbfc9f30, 0x0000019afbfca440,
0x0000019ab1b13bc0, 0x0000019ab1b0ff00, 0x0000019ab1b10e30, 0x0000019ab1b0f4e0,
0x0000019ab1b0e5b0, 0x0000019afbd528f0
}

Java Threads: ( => current thread )
  0x0000019a8e488450 JavaThread "main" [_thread_blocked, id=22204, stack(0x000000036de00000,0x000000036df00000)]
  0x0000019ab17350b0 JavaThread "Reference Handler" daemon [_thread_blocked, id=8196, stack(0x000000036e500000,0x000000036e600000)]
  0x0000019ab1735d40 JavaThread "Finalizer" daemon [_thread_blocked, id=15636, stack(0x000000036e600000,0x000000036e700000)]
  0x0000019ab174bc00 JavaThread "Signal Dispatcher" daemon [_thread_blocked, id=19840, stack(0x000000036e700000,0x000000036e800000)]
  0x0000019ab174f4f0 JavaThread "Attach Listener" daemon [_thread_blocked, id=12700, stack(0x000000036e800000,0x000000036e900000)]
  0x0000019ab1750dd0 JavaThread "Service Thread" daemon [_thread_blocked, id=23392, stack(0x000000036e900000,0x000000036ea00000)]
  0x0000019ab17516a0 JavaThread "Monitor Deflation Thread" daemon [_thread_blocked, id=23224, stack(0x000000036ea00000,0x000000036eb00000)]
  0x0000019ab1752350 JavaThread "C2 CompilerThread0" daemon [_thread_in_native, id=23060, stack(0x000000036eb00000,0x000000036ec00000)]
  0x0000019ab1754d20 JavaThread "C1 CompilerThread0" daemon [_thread_blocked, id=21644, stack(0x000000036ec00000,0x000000036ed00000)]
  0x0000019ab175ab40 JavaThread "Sweeper thread" daemon [_thread_blocked, id=18556, stack(0x000000036ed00000,0x000000036ee00000)]
  0x0000019ab18a00b0 JavaThread "Common-Cleaner" daemon [_thread_blocked, id=20868, stack(0x000000036ee00000,0x000000036ef00000)]
  0x0000019ab18a25a0 JavaThread "Notification Thread" daemon [_thread_blocked, id=21640, stack(0x000000036ef00000,0x000000036f000000)]
  0x0000019af82feae0 JavaThread "Daemon health stats" [_thread_blocked, id=23036, stack(0x000000036f800000,0x000000036f900000)]
  0x0000019af85162a0 JavaThread "Incoming local TCP Connector on port 51454" [_thread_in_native, id=23156, stack(0x000000036f900000,0x000000036fa00000)]
  0x0000019af8915f20 JavaThread "Daemon periodic checks" [_thread_blocked, id=17108, stack(0x000000036fa00000,0x000000036fb00000)]
  0x0000019af89bef60 JavaThread "Daemon" [_thread_blocked, id=16332, stack(0x000000036fb00000,0x000000036fc00000)]
  0x0000019af80f2590 JavaThread "Handler for socket connection from /127.0.0.1:51454 to /127.0.0.1:51455" [_thread_in_native, id=17868, stack(0x000000036fc00000,0x000000036fd00000)]
  0x0000019af8439bb0 JavaThread "Cancel handler" [_thread_blocked, id=18800, stack(0x000000036fd00000,0x000000036fe00000)]
  0x0000019af843aff0 JavaThread "Daemon worker" [_thread_blocked, id=13320, stack(0x000000036fe00000,0x000000036ff00000)]
  0x0000019af8438260 JavaThread "Asynchronous log dispatcher for DefaultDaemonConnection: socket connection from /127.0.0.1:51454 to /127.0.0.1:51455" [_thread_blocked, id=2732, stack(0x000000036ff00000,0x0000000370000000)]
  0x0000019af8437840 JavaThread "Stdin handler" [_thread_blocked, id=7312, stack(0x0000000370000000,0x0000000370100000)]
  0x0000019af843a0c0 JavaThread "Daemon client event forwarder" [_thread_blocked, id=20256, stack(0x0000000370100000,0x0000000370200000)]
  0x0000019af8438770 JavaThread "Cache worker for journal cache (C:\Users\ACER\.gradle\caches\journal-1)" [_thread_blocked, id=23416, stack(0x0000000370200000,0x0000000370300000)]
  0x0000019af843aae0 JavaThread "File lock request listener" [_thread_in_native, id=23092, stack(0x0000000370300000,0x0000000370400000)]
  0x0000019af843a5d0 JavaThread "Cache worker for file hash cache (C:\Users\ACER\.gradle\caches\7.6.3\fileHashes)" [_thread_blocked, id=16396, stack(0x000000036f700000,0x000000036f800000)]
  0x0000019af8437d50 JavaThread "File watcher server" daemon [_thread_in_native, id=20720, stack(0x0000000370400000,0x0000000370500000)]
  0x0000019af8439190 JavaThread "File watcher consumer" daemon [_thread_blocked, id=11508, stack(0x0000000370500000,0x0000000370600000)]
  0x0000019afa607a90 JavaThread "jar transforms" [_thread_blocked, id=18156, stack(0x0000000370600000,0x0000000370700000)]
  0x0000019afa602ea0 JavaThread "jar transforms Thread 2" [_thread_blocked, id=21024, stack(0x0000000370700000,0x0000000370800000)]
  0x0000019afa6042e0 JavaThread "jar transforms Thread 3" [_thread_blocked, id=23376, stack(0x0000000370800000,0x0000000370900000)]
  0x0000019afa600b30 JavaThread "Cache worker for checksums cache (D:\LucyProject\mobile\lucy-flutter\android\.gradle\7.6.3\checksums)" [_thread_blocked, id=2392, stack(0x0000000371000000,0x0000000371100000)]
  0x0000019afa6084b0 JavaThread "Cache worker for cache directory md-rule (C:\Users\ACER\.gradle\caches\7.6.3\md-rule)" [_thread_blocked, id=16904, stack(0x0000000371100000,0x0000000371200000)]
  0x0000019afa602480 JavaThread "Cache worker for file content cache (C:\Users\ACER\.gradle\caches\7.6.3\fileContent)" [_thread_blocked, id=23280, stack(0x0000000371200000,0x0000000371300000)]
  0x0000019afa6033b0 JavaThread "Cache worker for file hash cache (D:\LucyProject\mobile\lucy-flutter\android\.gradle\7.6.3\fileHashes)" [_thread_blocked, id=1192, stack(0x0000000371300000,0x0000000371400000)]
  0x0000019afa6047f0 JavaThread "Cache worker for cache directory md-supplier (C:\Users\ACER\.gradle\caches\7.6.3\md-supplier)" [_thread_blocked, id=8844, stack(0x0000000371400000,0x0000000371500000)]
  0x0000019afa605c30 JavaThread "Cache worker for execution history cache (C:\Users\ACER\.gradle\caches\7.6.3\executionHistory)" [_thread_blocked, id=21760, stack(0x0000000371500000,0x0000000371600000)]
  0x0000019afa607070 JavaThread "jar transforms Thread 4" [_thread_blocked, id=16992, stack(0x0000000371600000,0x0000000371700000)]
  0x0000019afa6038c0 JavaThread "jar transforms Thread 5" [_thread_blocked, id=8764, stack(0x0000000371700000,0x0000000371800000)]
  0x0000019afa606650 JavaThread "jar transforms Thread 6" [_thread_blocked, id=12276, stack(0x0000000371800000,0x0000000371900000)]
  0x0000019afa601a60 JavaThread "jar transforms Thread 7" [_thread_blocked, id=20328, stack(0x0000000371900000,0x0000000371a00000)]
  0x0000019afa605210 JavaThread "jar transforms Thread 8" [_thread_blocked, id=3184, stack(0x0000000371a00000,0x0000000371b00000)]
  0x0000019afa605720 JavaThread "jar transforms Thread 9" [_thread_blocked, id=16016, stack(0x0000000371b00000,0x0000000371c00000)]
  0x0000019afa606b60 JavaThread "jar transforms Thread 10" [_thread_blocked, id=16856, stack(0x0000000371c00000,0x0000000371d00000)]
  0x0000019afa603dd0 JavaThread "jar transforms Thread 11" [_thread_blocked, id=4428, stack(0x0000000371d00000,0x0000000371e00000)]
  0x0000019af94c1570 JavaThread "jar transforms Thread 12" [_thread_blocked, id=16832, stack(0x0000000371e00000,0x0000000371f00000)]
  0x0000019af94c84d0 JavaThread "Cache worker for kotlin-dsl (C:\Users\ACER\.gradle\caches\7.6.3\kotlin-dsl)" [_thread_blocked, id=15744, stack(0x0000000371f00000,0x0000000372000000)]
  0x0000019af94c4300 JavaThread "Cache worker for dependencies-accessors (D:\LucyProject\mobile\lucy-flutter\android\.gradle\7.6.3\dependencies-accessors)" [_thread_blocked, id=23040, stack(0x0000000370900000,0x0000000370a00000)]
  0x0000019af94c3df0 JavaThread "Cache worker for Build Output Cleanup Cache (D:\caidatungdung\flutter\packages\flutter_tools\gradle\.gradle\buildOutputCleanup)" [_thread_blocked, id=17900, stack(0x0000000372000000,0x0000000372100000)]
  0x0000019af94c4810 JavaThread "Memory manager" [_thread_blocked, id=23400, stack(0x0000000372200000,0x0000000372300000)]
  0x0000019af94c5230 JavaThread "included builds" [_thread_blocked, id=23412, stack(0x0000000372300000,0x0000000372400000)]
  0x0000019af94c2ec0 JavaThread "Execution worker" [_thread_blocked, id=23448, stack(0x0000000372400000,0x0000000372500000)]
  0x0000019af94c5c50 JavaThread "Execution worker Thread 2" [_thread_blocked, id=20508, stack(0x0000000372500000,0x0000000372600000)]
  0x0000019af94c75a0 JavaThread "Execution worker Thread 3" [_thread_blocked, id=7432, stack(0x0000000372600000,0x0000000372700000)]
  0x0000019af94c29b0 JavaThread "Execution worker Thread 4" [_thread_blocked, id=16092, stack(0x0000000372700000,0x0000000372800000)]
  0x0000019af94c33d0 JavaThread "Execution worker Thread 5" [_thread_blocked, id=12356, stack(0x0000000372800000,0x0000000372900000)]
  0x0000019af94c1f90 JavaThread "Execution worker Thread 6" [_thread_blocked, id=23048, stack(0x0000000372900000,0x0000000372a00000)]
  0x0000019af94c24a0 JavaThread "Execution worker Thread 7" [_thread_blocked, id=20600, stack(0x0000000372a00000,0x0000000372b00000)]
  0x0000019af94c6160 JavaThread "Execution worker Thread 8" [_thread_blocked, id=17840, stack(0x0000000372b00000,0x0000000372c00000)]
  0x0000019af94c6670 JavaThread "Execution worker Thread 9" [_thread_blocked, id=16220, stack(0x0000000372c00000,0x0000000372d00000)]
  0x0000019af94c1a80 JavaThread "Execution worker Thread 10" [_thread_blocked, id=23480, stack(0x0000000372d00000,0x0000000372e00000)]
  0x0000019af94c7ab0 JavaThread "Execution worker Thread 11" [_thread_blocked, id=23472, stack(0x0000000372e00000,0x0000000372f00000)]
  0x0000019af94c7fc0 JavaThread "Cache worker for execution history cache (D:\caidatungdung\flutter\packages\flutter_tools\gradle\.gradle\7.6.3\executionHistory)" [_thread_blocked, id=23520, stack(0x0000000372f00000,0x0000000373000000)]
  0x0000019af94c38e0 JavaThread "Unconstrained build operations" [_thread_blocked, id=17376, stack(0x0000000373000000,0x0000000373100000)]
  0x0000019af94c1060 JavaThread "Unconstrained build operations Thread 2" [_thread_blocked, id=20704, stack(0x0000000373100000,0x0000000373200000)]
  0x0000019af94c89e0 JavaThread "Unconstrained build operations Thread 3" [_thread_blocked, id=6984, stack(0x0000000373200000,0x0000000373300000)]
  0x0000019afbf60890 JavaThread "Unconstrained build operations Thread 4" [_thread_blocked, id=20504, stack(0x0000000373300000,0x0000000373400000)]
  0x0000019afbf5ea30 JavaThread "Unconstrained build operations Thread 5" [_thread_blocked, id=17936, stack(0x0000000373400000,0x0000000373500000)]
  0x0000019afbf5e520 JavaThread "Unconstrained build operations Thread 6" [_thread_blocked, id=6940, stack(0x0000000373500000,0x0000000373600000)]
  0x0000019afbf5db00 JavaThread "Unconstrained build operations Thread 7" [_thread_blocked, id=22292, stack(0x0000000373600000,0x0000000373700000)]
  0x0000019afbf5e010 JavaThread "Unconstrained build operations Thread 8" [_thread_blocked, id=1352, stack(0x0000000373700000,0x0000000373800000)]
  0x0000019afbf5d0e0 JavaThread "Unconstrained build operations Thread 9" [_thread_blocked, id=2028, stack(0x0000000373800000,0x0000000373900000)]
  0x0000019afbf5f960 JavaThread "Unconstrained build operations Thread 10" [_thread_blocked, id=16028, stack(0x0000000373900000,0x0000000373a00000)]
  0x0000019afbf5ef40 JavaThread "Incoming local TCP Connector on port 56233" [_thread_blocked, id=17084, stack(0x0000000373a00000,0x0000000373b00000)]
  0x0000019afbf5f450 JavaThread "Exec process" [_thread_in_native, id=21584, stack(0x0000000373b00000,0x0000000373c00000)]
  0x0000019afbf5fe70 JavaThread "Exec process Thread 2" [_thread_blocked, id=19228, stack(0x0000000373d00000,0x0000000373e00000)]
  0x0000019afbf60380 JavaThread "Exec process Thread 3" [_thread_in_native, id=2752, stack(0x0000000373e00000,0x0000000373f00000)]
  0x0000019afbf5c6c0 JavaThread "Exec process Thread 4" [_thread_in_native, id=13692, stack(0x0000000373f00000,0x0000000374000000)]
  0x0000019afbf5bca0 JavaThread "/127.0.0.1:56233 to /127.0.0.1:49667 workers" [_thread_blocked, id=21616, stack(0x000000036f100000,0x000000036f200000)]
  0x0000019afbf62c00 JavaThread "/127.0.0.1:56233 to /127.0.0.1:49667 workers Thread 2" [_thread_blocked, id=22096, stack(0x0000000372100000,0x0000000372200000)]
  0x0000019afbf60da0 JavaThread "/127.0.0.1:56233 to /127.0.0.1:49667 workers Thread 3" [_thread_blocked, id=3452, stack(0x0000000373c00000,0x0000000373d00000)]
  0x0000019afbf612b0 JavaThread "/127.0.0.1:56233 to /127.0.0.1:49667 workers Thread 4" [_thread_blocked, id=9764, stack(0x0000000374000000,0x0000000374100000)]
  0x0000019afbf617c0 JavaThread "/127.0.0.1:56233 to /127.0.0.1:49667 workers Thread 5" [_thread_in_native, id=11632, stack(0x0000000374100000,0x0000000374200000)]
  0x0000019afbf626f0 JavaThread "Unconstrained build operations Thread 11" [_thread_blocked, id=21108, stack(0x0000000374500000,0x0000000374600000)]
  0x0000019afbf63110 JavaThread "Unconstrained build operations Thread 12" [_thread_blocked, id=21956, stack(0x0000000374600000,0x0000000374700000)]
  0x0000019afbf63620 JavaThread "Unconstrained build operations Thread 13" [_thread_blocked, id=22424, stack(0x0000000374700000,0x0000000374800000)]
  0x0000019afbf5c1b0 JavaThread "Unconstrained build operations Thread 14" [_thread_blocked, id=21128, stack(0x0000000374800000,0x0000000374900000)]
  0x0000019afbf5cbd0 JavaThread "Unconstrained build operations Thread 15" [_thread_blocked, id=12576, stack(0x0000000374900000,0x0000000374a00000)]
  0x0000019afbf5d5f0 JavaThread "Unconstrained build operations Thread 16" [_thread_blocked, id=19140, stack(0x0000000374a00000,0x0000000374b00000)]
  0x0000019af7787900 JavaThread "Unconstrained build operations Thread 17" [_thread_blocked, id=22124, stack(0x0000000374b00000,0x0000000374c00000)]
  0x0000019af7783730 JavaThread "Unconstrained build operations Thread 18" [_thread_blocked, id=148, stack(0x0000000374c00000,0x0000000374d00000)]
  0x0000019af7784b70 JavaThread "Unconstrained build operations Thread 19" [_thread_blocked, id=15720, stack(0x0000000374d00000,0x0000000374e00000)]
  0x0000019af77822f0 JavaThread "Unconstrained build operations Thread 20" [_thread_blocked, id=20672, stack(0x0000000374e00000,0x0000000374f00000)]
  0x0000019af7782d10 JavaThread "Unconstrained build operations Thread 21" [_thread_blocked, id=20448, stack(0x0000000374f00000,0x0000000375000000)]
  0x0000019af7785fb0 JavaThread "Unconstrained build operations Thread 22" [_thread_blocked, id=21124, stack(0x0000000375000000,0x0000000375100000)]
  0x0000019af77864c0 JavaThread "Unconstrained build operations Thread 23" [_thread_blocked, id=3404, stack(0x0000000375100000,0x0000000375200000)]
  0x0000019af7783c40 JavaThread "Unconstrained build operations Thread 24" [_thread_blocked, id=13648, stack(0x0000000375200000,0x0000000375300000)]
  0x0000019af7787e10 JavaThread "Unconstrained build operations Thread 25" [_thread_blocked, id=17188, stack(0x0000000375300000,0x0000000375400000)]
  0x0000019af77818d0 JavaThread "Unconstrained build operations Thread 26" [_thread_blocked, id=6460, stack(0x0000000375400000,0x0000000375500000)]
  0x0000019af7785080 JavaThread "Unconstrained build operations Thread 27" [_thread_blocked, id=22824, stack(0x0000000375500000,0x0000000375600000)]
  0x0000019af7781de0 JavaThread "Unconstrained build operations Thread 28" [_thread_blocked, id=20692, stack(0x0000000375600000,0x0000000375700000)]
  0x0000019af7784150 JavaThread "Unconstrained build operations Thread 29" [_thread_blocked, id=23004, stack(0x0000000375700000,0x0000000375800000)]
  0x0000019af77873f0 JavaThread "Unconstrained build operations Thread 30" [_thread_blocked, id=22180, stack(0x0000000375800000,0x0000000375900000)]
  0x0000019af7788320 JavaThread "Unconstrained build operations Thread 31" [_thread_blocked, id=15416, stack(0x0000000375900000,0x0000000375a00000)]
  0x0000019af7786ee0 JavaThread "Unconstrained build operations Thread 32" [_thread_blocked, id=11572, stack(0x0000000375a00000,0x0000000375b00000)]
  0x0000019af77869d0 JavaThread "Unconstrained build operations Thread 33" [_thread_blocked, id=12684, stack(0x0000000375b00000,0x0000000375c00000)]
  0x0000019af7785590 JavaThread "Unconstrained build operations Thread 34" [_thread_blocked, id=16340, stack(0x0000000375c00000,0x0000000375d00000)]
  0x0000019af7785aa0 JavaThread "Unconstrained build operations Thread 35" [_thread_blocked, id=17268, stack(0x0000000375d00000,0x0000000375e00000)]
  0x0000019af7784660 JavaThread "Unconstrained build operations Thread 36" [_thread_blocked, id=11608, stack(0x0000000375e00000,0x0000000375f00000)]
  0x0000019af7780eb0 JavaThread "Unconstrained build operations Thread 37" [_thread_blocked, id=14940, stack(0x0000000375f00000,0x0000000376000000)]
  0x0000019af7782800 JavaThread "Unconstrained build operations Thread 38" [_thread_blocked, id=2084, stack(0x0000000376000000,0x0000000376100000)]
  0x0000019af7788830 JavaThread "Unconstrained build operations Thread 39" [_thread_blocked, id=12668, stack(0x0000000376100000,0x0000000376200000)]
  0x0000019af77813c0 JavaThread "Unconstrained build operations Thread 40" [_thread_blocked, id=17628, stack(0x0000000376200000,0x0000000376300000)]
  0x0000019af7783220 JavaThread "Unconstrained build operations Thread 41" [_thread_blocked, id=17172, stack(0x0000000376300000,0x0000000376400000)]
  0x0000019afa29cad0 JavaThread "Unconstrained build operations Thread 42" [_thread_blocked, id=4920, stack(0x0000000376400000,0x0000000376500000)]
  0x0000019afa29df10 JavaThread "Unconstrained build operations Thread 43" [_thread_blocked, id=12008, stack(0x0000000376500000,0x0000000376600000)]
  0x0000019afa29ac70 JavaThread "Unconstrained build operations Thread 44" [_thread_blocked, id=22976, stack(0x0000000376600000,0x0000000376700000)]
  0x0000019afa29a250 JavaThread "Unconstrained build operations Thread 45" [_thread_blocked, id=20712, stack(0x0000000376700000,0x0000000376800000)]
  0x0000019afa29e420 JavaThread "Unconstrained build operations Thread 46" [_thread_blocked, id=13264, stack(0x0000000376800000,0x0000000376900000)]
  0x0000019afa29cfe0 JavaThread "Unconstrained build operations Thread 47" [_thread_blocked, id=16728, stack(0x0000000376900000,0x0000000376a00000)]
  0x0000019afa29e930 JavaThread "Unconstrained build operations Thread 48" [_thread_blocked, id=21832, stack(0x0000000376a00000,0x0000000376b00000)]
  0x0000019afa29b690 JavaThread "Unconstrained build operations Thread 49" [_thread_blocked, id=23456, stack(0x0000000376b00000,0x0000000376c00000)]
  0x0000019afa29ee40 JavaThread "Unconstrained build operations Thread 50" [_thread_blocked, id=9716, stack(0x0000000376c00000,0x0000000376d00000)]
  0x0000019afa29bba0 JavaThread "Unconstrained build operations Thread 51" [_thread_blocked, id=22832, stack(0x0000000376d00000,0x0000000376e00000)]
  0x0000019afa29f860 JavaThread "Unconstrained build operations Thread 52" [_thread_blocked, id=22760, stack(0x0000000376e00000,0x0000000376f00000)]
  0x0000019afa2a0280 JavaThread "Unconstrained build operations Thread 53" [_thread_blocked, id=7120, stack(0x0000000376f00000,0x0000000377000000)]
  0x0000019afa29da00 JavaThread "Unconstrained build operations Thread 54" [_thread_blocked, id=9228, stack(0x0000000377000000,0x0000000377100000)]
  0x0000019afa298e10 JavaThread "Unconstrained build operations Thread 55" [_thread_blocked, id=19984, stack(0x0000000377100000,0x0000000377200000)]
  0x0000019afa29a760 JavaThread "Unconstrained build operations Thread 56" [_thread_blocked, id=22788, stack(0x0000000377200000,0x0000000377300000)]
  0x0000019afa29f350 JavaThread "Unconstrained build operations Thread 57" [_thread_blocked, id=8012, stack(0x0000000377300000,0x0000000377400000)]
  0x0000019afa299d40 JavaThread "Unconstrained build operations Thread 58" [_thread_blocked, id=996, stack(0x0000000377400000,0x0000000377500000)]
  0x0000019afa29c0b0 JavaThread "Unconstrained build operations Thread 59" [_thread_blocked, id=18160, stack(0x0000000377500000,0x0000000377600000)]
  0x0000019afa29fd70 JavaThread "Unconstrained build operations Thread 60" [_thread_blocked, id=21920, stack(0x0000000377600000,0x0000000377700000)]
  0x0000019afa299320 JavaThread "Unconstrained build operations Thread 61" [_thread_blocked, id=18768, stack(0x0000000377700000,0x0000000377800000)]
  0x0000019afa2a0790 JavaThread "Unconstrained build operations Thread 62" [_thread_blocked, id=21856, stack(0x0000000377800000,0x0000000377900000)]
  0x0000019afa299830 JavaThread "Unconstrained build operations Thread 63" [_thread_blocked, id=1844, stack(0x0000000377900000,0x0000000377a00000)]
  0x0000019afa29c5c0 JavaThread "Unconstrained build operations Thread 64" [_thread_blocked, id=5144, stack(0x0000000377a00000,0x0000000377b00000)]
  0x0000019afa29d4f0 JavaThread "Unconstrained build operations Thread 65" [_thread_blocked, id=5836, stack(0x0000000377b00000,0x0000000377c00000)]
  0x0000019afa29b180 JavaThread "Unconstrained build operations Thread 66" [_thread_blocked, id=19908, stack(0x0000000377c00000,0x0000000377d00000)]
  0x0000019afacb2510 JavaThread "Unconstrained build operations Thread 67" [_thread_blocked, id=12776, stack(0x0000000377d00000,0x0000000377e00000)]
  0x0000019afacb8540 JavaThread "Unconstrained build operations Thread 68" [_thread_blocked, id=16328, stack(0x0000000377e00000,0x0000000377f00000)]
  0x0000019afacb1af0 JavaThread "Unconstrained build operations Thread 69" [_thread_blocked, id=19416, stack(0x0000000377f00000,0x0000000378000000)]
  0x0000019afacb7610 JavaThread "Unconstrained build operations Thread 70" [_thread_blocked, id=22904, stack(0x0000000378000000,0x0000000378100000)]
  0x0000019afacb7b20 JavaThread "Unconstrained build operations Thread 71" [_thread_blocked, id=21056, stack(0x0000000378100000,0x0000000378200000)]
  0x0000019afacb3e60 JavaThread "Unconstrained build operations Thread 72" [_thread_blocked, id=15812, stack(0x0000000378200000,0x0000000378300000)]
  0x0000019afacb57b0 JavaThread "Unconstrained build operations Thread 73" [_thread_blocked, id=22892, stack(0x0000000378300000,0x0000000378400000)]
  0x0000019afacb2a20 JavaThread "Unconstrained build operations Thread 74" [_thread_blocked, id=11432, stack(0x0000000378400000,0x0000000378500000)]
  0x0000019afacb5cc0 JavaThread "Unconstrained build operations Thread 75" [_thread_blocked, id=1500, stack(0x0000000378500000,0x0000000378600000)]
  0x0000019afacb8a50 JavaThread "Unconstrained build operations Thread 76" [_thread_blocked, id=23008, stack(0x0000000378600000,0x0000000378700000)]
  0x0000019afacb61d0 JavaThread "Unconstrained build operations Thread 77" [_thread_blocked, id=19580, stack(0x0000000378700000,0x0000000378800000)]
  0x0000019afacb6bf0 JavaThread "Unconstrained build operations Thread 78" [_thread_blocked, id=18856, stack(0x0000000378800000,0x0000000378900000)]
  0x0000019afacb2f30 JavaThread "Unconstrained build operations Thread 79" [_thread_blocked, id=6256, stack(0x0000000378900000,0x0000000378a00000)]
  0x0000019afacb8030 JavaThread "Unconstrained build operations Thread 80" [_thread_blocked, id=20592, stack(0x0000000378a00000,0x0000000378b00000)]
  0x0000019afacb4370 JavaThread "Unconstrained build operations Thread 81" [_thread_blocked, id=11028, stack(0x0000000378b00000,0x0000000378c00000)]
  0x0000019afacb7100 JavaThread "Unconstrained build operations Thread 82" [_thread_blocked, id=15260, stack(0x0000000378c00000,0x0000000378d00000)]
  0x0000019afacb9470 JavaThread "Unconstrained build operations Thread 83" [_thread_blocked, id=16320, stack(0x0000000378d00000,0x0000000378e00000)]
  0x0000019afacb4880 JavaThread "Unconstrained build operations Thread 84" [_thread_blocked, id=9220, stack(0x0000000378e00000,0x0000000378f00000)]
  0x0000019afacb66e0 JavaThread "Unconstrained build operations Thread 85" [_thread_blocked, id=4584, stack(0x0000000378f00000,0x0000000379000000)]
  0x0000019afacb2000 JavaThread "Unconstrained build operations Thread 86" [_thread_blocked, id=23064, stack(0x0000000379000000,0x0000000379100000)]
  0x0000019afacb8f60 JavaThread "Unconstrained build operations Thread 87" [_thread_blocked, id=18428, stack(0x0000000379100000,0x0000000379200000)]
  0x0000019afacb3440 JavaThread "Unconstrained build operations Thread 88" [_thread_blocked, id=15448, stack(0x0000000379200000,0x0000000379300000)]
  0x0000019afacb3950 JavaThread "Unconstrained build operations Thread 89" [_thread_blocked, id=20128, stack(0x0000000379300000,0x0000000379400000)]
  0x0000019afacb4d90 JavaThread "Unconstrained build operations Thread 90" [_thread_blocked, id=19808, stack(0x0000000379400000,0x0000000379500000)]
  0x0000019afacb52a0 JavaThread "Unconstrained build operations Thread 91" [_thread_blocked, id=11764, stack(0x0000000379500000,0x0000000379600000)]
  0x0000019afbfcccc0 JavaThread "Unconstrained build operations Thread 92" [_thread_blocked, id=20228, stack(0x0000000379600000,0x0000000379700000)]
  0x0000019afbfcf030 JavaThread "Unconstrained build operations Thread 93" [_thread_blocked, id=19196, stack(0x0000000379700000,0x0000000379800000)]
  0x0000019afbfc9510 JavaThread "Unconstrained build operations Thread 94" [_thread_blocked, id=16116, stack(0x0000000379800000,0x0000000379900000)]
  0x0000019afbfcd1d0 JavaThread "Unconstrained build operations Thread 95" [_thread_blocked, id=18576, stack(0x0000000379900000,0x0000000379a00000)]
  0x0000019afbfcae60 JavaThread "Unconstrained build operations Thread 96" [_thread_blocked, id=20736, stack(0x0000000379a00000,0x0000000379b00000)]
  0x0000019afbfcd6e0 JavaThread "Unconstrained build operations Thread 97" [_thread_blocked, id=2120, stack(0x0000000379b00000,0x0000000379c00000)]
  0x0000019afbfc8af0 JavaThread "Unconstrained build operations Thread 98" [_thread_blocked, id=1628, stack(0x0000000379c00000,0x0000000379d00000)]
  0x0000019afbfcfa50 JavaThread "Unconstrained build operations Thread 99" [_thread_blocked, id=7092, stack(0x0000000379d00000,0x0000000379e00000)]
  0x0000019afbfca950 JavaThread "Unconstrained build operations Thread 100" [_thread_blocked, id=19856, stack(0x0000000379e00000,0x0000000379f00000)]
  0x0000019afbfcc2a0 JavaThread "Unconstrained build operations Thread 101" [_thread_blocked, id=20728, stack(0x0000000379f00000,0x000000037a000000)]
  0x0000019afbfcdbf0 JavaThread "Unconstrained build operations Thread 102" [_thread_blocked, id=15388, stack(0x000000037a000000,0x000000037a100000)]
  0x0000019afbfcb370 JavaThread "Unconstrained build operations Thread 103" [_thread_blocked, id=21528, stack(0x000000037a100000,0x000000037a200000)]
  0x0000019afbfce100 JavaThread "Unconstrained build operations Thread 104" [_thread_blocked, id=18028, stack(0x000000037a200000,0x000000037a300000)]
  0x0000019afbfcc7b0 JavaThread "Unconstrained build operations Thread 105" [_thread_blocked, id=336, stack(0x000000037a300000,0x000000037a400000)]
  0x0000019afbfcb880 JavaThread "Unconstrained build operations Thread 106" [_thread_blocked, id=20696, stack(0x000000037a400000,0x000000037a500000)]
  0x0000019afbfcbd90 JavaThread "Unconstrained build operations Thread 107" [_thread_blocked, id=4116, stack(0x000000037a500000,0x000000037a600000)]
  0x0000019afbfceb20 JavaThread "Unconstrained build operations Thread 108" [_thread_blocked, id=20096, stack(0x000000037a600000,0x000000037a700000)]
  0x0000019afbfcf540 JavaThread "Unconstrained build operations Thread 109" [_thread_blocked, id=13728, stack(0x000000037a700000,0x000000037a800000)]
  0x0000019afbfc9a20 JavaThread "Unconstrained build operations Thread 110" [_thread_blocked, id=3756, stack(0x000000037a800000,0x000000037a900000)]
  0x0000019afbfce610 JavaThread "Unconstrained build operations Thread 111" [_thread_blocked, id=6240, stack(0x000000037a900000,0x000000037aa00000)]
  0x0000019afbfc85e0 JavaThread "Unconstrained build operations Thread 112" [_thread_blocked, id=16640, stack(0x000000037aa00000,0x000000037ab00000)]
  0x0000019afbfcff60 JavaThread "Unconstrained build operations Thread 113" [_thread_blocked, id=8828, stack(0x000000037ab00000,0x000000037ac00000)]
  0x0000019afbfc9000 JavaThread "Unconstrained build operations Thread 114" [_thread_blocked, id=10372, stack(0x000000037ac00000,0x000000037ad00000)]
  0x0000019afbfc9f30 JavaThread "Unconstrained build operations Thread 115" [_thread_blocked, id=11404, stack(0x000000037ad00000,0x000000037ae00000)]
  0x0000019afbfca440 JavaThread "Unconstrained build operations Thread 116" [_thread_blocked, id=16420, stack(0x000000037ae00000,0x000000037af00000)]
  0x0000019ab1b13bc0 JavaThread "Unconstrained build operations Thread 117" [_thread_blocked, id=18060, stack(0x000000037af00000,0x000000037b000000)]
  0x0000019ab1b0ff00 JavaThread "Unconstrained build operations Thread 118" [_thread_blocked, id=19504, stack(0x000000037b000000,0x000000037b100000)]
  0x0000019ab1b10e30 JavaThread "Unconstrained build operations Thread 119" [_thread_blocked, id=2468, stack(0x000000037b100000,0x000000037b200000)]
  0x0000019ab1b0f4e0 JavaThread "Unconstrained build operations Thread 120" [_thread_blocked, id=13840, stack(0x000000037b200000,0x000000037b300000)]
  0x0000019ab1b0e5b0 JavaThread "Cache worker for Build Output Cleanup Cache (D:\LucyProject\mobile\lucy-flutter\android\.gradle\buildOutputCleanup)" [_thread_blocked, id=17272, stack(0x000000037b300000,0x000000037b400000)]
  0x0000019afbd528f0 JavaThread "C2 CompilerThread1" daemon [_thread_in_native, id=8448, stack(0x0000000374200000,0x0000000374300000)]

Other Threads:
=>0x0000019ab0eae8e0 VMThread "VM Thread" [stack: 0x000000036e400000,0x000000036e500000] [id=22960]
  0x0000019a8e516c50 WatcherThread [stack: 0x000000036f000000,0x000000036f100000] [id=22208]
  0x0000019a8e4f7240 GCTaskThread "GC Thread#0" [stack: 0x000000036df00000,0x000000036e000000] [id=9488]
  0x0000019af7cc39f0 GCTaskThread "GC Thread#1" [stack: 0x000000036f200000,0x000000036f300000] [id=22992]
  0x0000019af7cc3cb0 GCTaskThread "GC Thread#2" [stack: 0x000000036f300000,0x000000036f400000] [id=19760]
  0x0000019af7cc3f70 GCTaskThread "GC Thread#3" [stack: 0x000000036f400000,0x000000036f500000] [id=20156]
  0x0000019af7cc4230 GCTaskThread "GC Thread#4" [stack: 0x000000036f500000,0x000000036f600000] [id=15696]
  0x0000019af7cc2ef0 GCTaskThread "GC Thread#5" [stack: 0x000000036f600000,0x000000036f700000] [id=22928]
  0x0000019aface9b30 GCTaskThread "GC Thread#6" [stack: 0x0000000370a00000,0x0000000370b00000] [id=23348]
  0x0000019aface95b0 GCTaskThread "GC Thread#7" [stack: 0x0000000370b00000,0x0000000370c00000] [id=6292]
  0x0000019afacea370 GCTaskThread "GC Thread#8" [stack: 0x0000000370c00000,0x0000000370d00000] [id=7640]
  0x0000019aface8ab0 GCTaskThread "GC Thread#9" [stack: 0x0000000370d00000,0x0000000370e00000] [id=23464]
  0x0000019a8e5080a0 ConcurrentGCThread "G1 Main Marker" [stack: 0x000000036e000000,0x000000036e100000] [id=14908]
  0x0000019a8e5089c0 ConcurrentGCThread "G1 Conc#0" [stack: 0x000000036e100000,0x000000036e200000] [id=23184]
  0x0000019aface7cf0 ConcurrentGCThread "G1 Conc#1" [stack: 0x0000000370e00000,0x0000000370f00000] [id=3744]
  0x0000019afaceb3f0 ConcurrentGCThread "G1 Conc#2" [stack: 0x0000000370f00000,0x0000000371000000] [id=22756]
  0x0000019a8e547490 ConcurrentGCThread "G1 Refine#0" [stack: 0x000000036e200000,0x000000036e300000] [id=17384]
  0x0000019ab0d75bc0 ConcurrentGCThread "G1 Service" [stack: 0x000000036e300000,0x000000036e400000] [id=22964]

Threads with active compile tasks:
C2 CompilerThread0    49898 16522       4       org.objectweb.asm.ClassReader::readCode (5109 bytes)
C2 CompilerThread1    49898 16523       4       org.objectweb.asm.ClassReader::accept (1412 bytes)

VM state: at safepoint (normal execution)

VM Mutex/Monitor currently owned by a thread:  ([mutex/lock_event])
[0x0000019a8e484040] Threads_lock - owner thread: 0x0000019ab0eae8e0
[0x0000019a8e484c10] Heap_lock - owner thread: 0x0000019afa6042e0

Heap address: 0x0000000700000000, size: 4096 MB, Compressed Oops mode: Zero based, Oop shift amount: 3

CDS archive(s) mapped at: [0x0000019ab2000000-0x0000019ab2bd0000-0x0000019ab2bd0000), size 12386304, SharedBaseAddress: 0x0000019ab2000000, ArchiveRelocationMode: 1.
Compressed class space mapped at: 0x0000019ab3000000-0x0000019af3000000, reserved size: 1073741824
Narrow klass base: 0x0000019ab2000000, Narrow klass shift: 0, Narrow klass range: 0x100000000

GC Precious Log:
 CPUs: 12 total, 12 available
 Memory: 16088M
 Large Page Support: Disabled
 NUMA Support: Disabled
 Compressed Oops: Enabled (Zero based)
 Heap Region Size: 2M
 Heap Min Capacity: 8M
 Heap Initial Capacity: 252M
 Heap Max Capacity: 4G
 Pre-touch: Disabled
 Parallel Workers: 10
 Concurrent Workers: 3
 Concurrent Refinement Workers: 10
 Periodic GC: Disabled

Heap:
 garbage-first heap   total 382976K, used 129656K [0x0000000700000000, 0x0000000800000000)
  region size 2048K, 7 young (14336K), 7 survivors (14336K)
 Metaspace       used 98633K, committed 99712K, reserved 1179648K
  class space    used 13509K, committed 14016K, reserved 1048576K

Heap Regions: E=young(eden), S=young(survivor), O=old, HS=humongous(starts), HC=humongous(continues), CS=collection set, F=free, OA=open archive, CA=closed archive, TAMS=top-at-mark-start (previous, next)
|   0|0x0000000700000000, 0x0000000700200000, 0x0000000700200000|100%|HS|  |TAMS 0x0000000700200000, 0x0000000700000000| Complete 
|   1|0x0000000700200000, 0x0000000700400000, 0x0000000700400000|100%|HC|  |TAMS 0x0000000700400000, 0x0000000700200000| Complete 
|   2|0x0000000700400000, 0x0000000700600000, 0x0000000700600000|100%| O|  |TAMS 0x0000000700600000, 0x0000000700400000| Untracked 
|   3|0x0000000700600000, 0x0000000700800000, 0x0000000700800000|100%| O|  |TAMS 0x0000000700800000, 0x0000000700600000| Untracked 
|   4|0x0000000700800000, 0x00000007009d9a00, 0x0000000700a00000| 92%| O|  |TAMS 0x00000007009d9a00, 0x0000000700800000| Untracked 
|   5|0x0000000700a00000, 0x0000000700c00000, 0x0000000700c00000|100%| O|  |TAMS 0x0000000700c00000, 0x0000000700a00000| Untracked 
|   6|0x0000000700c00000, 0x0000000700e00000, 0x0000000700e00000|100%| O|  |TAMS 0x0000000700e00000, 0x0000000700c00000| Untracked 
|   7|0x0000000700e00000, 0x0000000701000000, 0x0000000701000000|100%| O|  |TAMS 0x0000000701000000, 0x0000000700e00000| Untracked 
|   8|0x0000000701000000, 0x0000000701200000, 0x0000000701200000|100%| O|  |TAMS 0x0000000701200000, 0x0000000701000000| Untracked 
|   9|0x0000000701200000, 0x0000000701400000, 0x0000000701400000|100%| O|  |TAMS 0x0000000701400000, 0x0000000701200000| Untracked 
|  10|0x0000000701400000, 0x0000000701600000, 0x0000000701600000|100%| O|  |TAMS 0x0000000701600000, 0x0000000701400000| Untracked 
|  11|0x0000000701600000, 0x0000000701800000, 0x0000000701800000|100%| O|  |TAMS 0x0000000701800000, 0x0000000701600000| Untracked 
|  12|0x0000000701800000, 0x0000000701a00000, 0x0000000701a00000|100%| O|  |TAMS 0x0000000701a00000, 0x0000000701800000| Untracked 
|  13|0x0000000701a00000, 0x0000000701c00000, 0x0000000701c00000|100%| O|  |TAMS 0x0000000701c00000, 0x0000000701a00000| Untracked 
|  14|0x0000000701c00000, 0x0000000701e00000, 0x0000000701e00000|100%| O|  |TAMS 0x0000000701e00000, 0x0000000701c00000| Untracked 
|  15|0x0000000701e00000, 0x0000000702000000, 0x0000000702000000|100%| O|  |TAMS 0x0000000702000000, 0x0000000701e00000| Untracked 
|  16|0x0000000702000000, 0x0000000702200000, 0x0000000702200000|100%| O|  |TAMS 0x0000000702200000, 0x0000000702000000| Untracked 
|  17|0x0000000702200000, 0x0000000702400000, 0x0000000702400000|100%| O|  |TAMS 0x0000000702400000, 0x0000000702200000| Untracked 
|  18|0x0000000702400000, 0x0000000702600000, 0x0000000702600000|100%| O|  |TAMS 0x0000000702600000, 0x0000000702400000| Untracked 
|  19|0x0000000702600000, 0x0000000702800000, 0x0000000702800000|100%| O|  |TAMS 0x0000000702800000, 0x0000000702600000| Untracked 
|  20|0x0000000702800000, 0x0000000702a00000, 0x0000000702a00000|100%| O|  |TAMS 0x0000000702a00000, 0x0000000702800000| Untracked 
|  21|0x0000000702a00000, 0x0000000702c00000, 0x0000000702c00000|100%| O|  |TAMS 0x0000000702c00000, 0x0000000702a00000| Untracked 
|  22|0x0000000702c00000, 0x0000000702e00000, 0x0000000702e00000|100%| O|  |TAMS 0x0000000702e00000, 0x0000000702c00000| Untracked 
|  23|0x0000000702e00000, 0x0000000703000000, 0x0000000703000000|100%| O|  |TAMS 0x0000000703000000, 0x0000000702e00000| Untracked 
|  24|0x0000000703000000, 0x0000000703200000, 0x0000000703200000|100%| O|  |TAMS 0x0000000703200000, 0x0000000703000000| Untracked 
|  25|0x0000000703200000, 0x0000000703400000, 0x0000000703400000|100%|HS|  |TAMS 0x0000000703400000, 0x0000000703200000| Complete 
|  26|0x0000000703400000, 0x0000000703600000, 0x0000000703600000|100%|HC|  |TAMS 0x0000000703600000, 0x0000000703400000| Complete 
|  27|0x0000000703600000, 0x0000000703800000, 0x0000000703800000|100%| O|  |TAMS 0x0000000703800000, 0x0000000703600000| Untracked 
|  28|0x0000000703800000, 0x0000000703a00000, 0x0000000703a00000|100%| O|  |TAMS 0x0000000703a00000, 0x0000000703800000| Untracked 
|  29|0x0000000703a00000, 0x0000000703c00000, 0x0000000703c00000|100%|HS|  |TAMS 0x0000000703c00000, 0x0000000703a00000| Complete 
|  30|0x0000000703c00000, 0x0000000703e00000, 0x0000000703e00000|100%| O|  |TAMS 0x0000000703e00000, 0x0000000703c00000| Untracked 
|  31|0x0000000703e00000, 0x0000000704000000, 0x0000000704000000|100%| O|  |TAMS 0x0000000704000000, 0x0000000703e00000| Untracked 
|  32|0x0000000704000000, 0x0000000704200000, 0x0000000704200000|100%| O|  |TAMS 0x0000000704200000, 0x0000000704000000| Untracked 
|  33|0x0000000704200000, 0x0000000704400000, 0x0000000704400000|100%| O|  |TAMS 0x0000000704400000, 0x0000000704200000| Untracked 
|  34|0x0000000704400000, 0x0000000704600000, 0x0000000704600000|100%| O|  |TAMS 0x0000000704600000, 0x0000000704400000| Untracked 
|  35|0x0000000704600000, 0x0000000704800000, 0x0000000704800000|100%| O|  |TAMS 0x0000000704800000, 0x0000000704600000| Untracked 
|  36|0x0000000704800000, 0x0000000704a00000, 0x0000000704a00000|100%| O|  |TAMS 0x0000000704a00000, 0x0000000704800000| Untracked 
|  37|0x0000000704a00000, 0x0000000704c00000, 0x0000000704c00000|100%| O|  |TAMS 0x0000000704c00000, 0x0000000704a00000| Untracked 
|  38|0x0000000704c00000, 0x0000000704e00000, 0x0000000704e00000|100%| O|  |TAMS 0x0000000704e00000, 0x0000000704c00000| Untracked 
|  39|0x0000000704e00000, 0x0000000705000000, 0x0000000705000000|100%| O|  |TAMS 0x0000000705000000, 0x0000000704e00000| Untracked 
|  40|0x0000000705000000, 0x0000000705200000, 0x0000000705200000|100%| O|  |TAMS 0x0000000705200000, 0x0000000705000000| Untracked 
|  41|0x0000000705200000, 0x0000000705400000, 0x0000000705400000|100%| O|  |TAMS 0x0000000705400000, 0x0000000705200000| Untracked 
|  42|0x0000000705400000, 0x0000000705600000, 0x0000000705600000|100%| O|  |TAMS 0x0000000705600000, 0x0000000705400000| Untracked 
|  43|0x0000000705600000, 0x0000000705800000, 0x0000000705800000|100%| O|  |TAMS 0x0000000705800000, 0x0000000705600000| Untracked 
|  44|0x0000000705800000, 0x0000000705a00000, 0x0000000705a00000|100%| O|  |TAMS 0x0000000705a00000, 0x0000000705800000| Untracked 
|  45|0x0000000705a00000, 0x0000000705c00000, 0x0000000705c00000|100%| O|  |TAMS 0x0000000705c00000, 0x0000000705a00000| Untracked 
|  46|0x0000000705c00000, 0x0000000705e00000, 0x0000000705e00000|100%| O|  |TAMS 0x0000000705e00000, 0x0000000705c00000| Untracked 
|  47|0x0000000705e00000, 0x0000000706000000, 0x0000000706000000|100%| O|  |TAMS 0x0000000706000000, 0x0000000705e00000| Untracked 
|  48|0x0000000706000000, 0x0000000706200000, 0x0000000706200000|100%| O|  |TAMS 0x0000000706200000, 0x0000000706000000| Untracked 
|  49|0x0000000706200000, 0x0000000706400000, 0x0000000706400000|100%| O|  |TAMS 0x0000000706349a00, 0x0000000706200000| Untracked 
|  50|0x0000000706400000, 0x0000000706600000, 0x0000000706600000|100%| O|  |TAMS 0x0000000706400000, 0x0000000706400000| Untracked 
|  51|0x0000000706600000, 0x0000000706800000, 0x0000000706800000|100%| O|  |TAMS 0x0000000706600000, 0x0000000706600000| Untracked 
|  52|0x0000000706800000, 0x0000000706a00000, 0x0000000706a00000|100%| O|  |TAMS 0x0000000706800000, 0x0000000706800000| Untracked 
|  53|0x0000000706a00000, 0x0000000706c00000, 0x0000000706c00000|100%| O|  |TAMS 0x0000000706a00000, 0x0000000706a00000| Untracked 
|  54|0x0000000706c00000, 0x0000000706d4b000, 0x0000000706e00000| 64%| O|  |TAMS 0x0000000706c00000, 0x0000000706c00000| Untracked 
|  55|0x0000000706e00000, 0x0000000706e00000, 0x0000000707000000|  0%| F|  |TAMS 0x0000000706e00000, 0x0000000706e00000| Untracked 
|  56|0x0000000707000000, 0x0000000707000000, 0x0000000707200000|  0%| F|  |TAMS 0x0000000707000000, 0x0000000707000000| Untracked 
|  57|0x0000000707200000, 0x0000000707200000, 0x0000000707400000|  0%| F|  |TAMS 0x0000000707200000, 0x0000000707200000| Untracked 
|  58|0x0000000707400000, 0x0000000707400000, 0x0000000707600000|  0%| F|  |TAMS 0x0000000707400000, 0x0000000707400000| Untracked 
|  59|0x0000000707600000, 0x0000000707600000, 0x0000000707800000|  0%| F|  |TAMS 0x0000000707600000, 0x0000000707600000| Untracked 
|  60|0x0000000707800000, 0x0000000707800000, 0x0000000707a00000|  0%| F|  |TAMS 0x0000000707800000, 0x0000000707800000| Untracked 
|  61|0x0000000707a00000, 0x0000000707a00000, 0x0000000707c00000|  0%| F|  |TAMS 0x0000000707a00000, 0x0000000707a00000| Untracked 
|  62|0x0000000707c00000, 0x0000000707c00000, 0x0000000707e00000|  0%| F|  |TAMS 0x0000000707c00000, 0x0000000707c00000| Untracked 
|  63|0x0000000707e00000, 0x0000000707e00000, 0x0000000708000000|  0%| F|  |TAMS 0x0000000707e00000, 0x0000000707e00000| Untracked 
|  64|0x0000000708000000, 0x0000000708000000, 0x0000000708200000|  0%| F|  |TAMS 0x0000000708000000, 0x0000000708000000| Untracked 
|  65|0x0000000708200000, 0x0000000708200000, 0x0000000708400000|  0%| F|  |TAMS 0x0000000708200000, 0x0000000708200000| Untracked 
|  66|0x0000000708400000, 0x0000000708400000, 0x0000000708600000|  0%| F|  |TAMS 0x0000000708400000, 0x0000000708400000| Untracked 
|  67|0x0000000708600000, 0x0000000708600000, 0x0000000708800000|  0%| F|  |TAMS 0x0000000708600000, 0x0000000708600000| Untracked 
|  68|0x0000000708800000, 0x0000000708800000, 0x0000000708a00000|  0%| F|  |TAMS 0x0000000708800000, 0x0000000708800000| Untracked 
|  69|0x0000000708a00000, 0x0000000708a00000, 0x0000000708c00000|  0%| F|  |TAMS 0x0000000708a00000, 0x0000000708a00000| Untracked 
|  70|0x0000000708c00000, 0x0000000708c00000, 0x0000000708e00000|  0%| F|  |TAMS 0x0000000708c00000, 0x0000000708c00000| Untracked 
|  71|0x0000000708e00000, 0x0000000708e00000, 0x0000000709000000|  0%| F|  |TAMS 0x0000000708e00000, 0x0000000708e00000| Untracked 
|  72|0x0000000709000000, 0x0000000709000000, 0x0000000709200000|  0%| F|  |TAMS 0x0000000709000000, 0x0000000709000000| Untracked 
|  73|0x0000000709200000, 0x0000000709200000, 0x0000000709400000|  0%| F|  |TAMS 0x0000000709200000, 0x0000000709200000| Untracked 
|  74|0x0000000709400000, 0x0000000709579990, 0x0000000709600000| 73%| S|CS|TAMS 0x0000000709400000, 0x0000000709400000| Complete 
|  75|0x0000000709600000, 0x0000000709600000, 0x0000000709800000|  0%| F|  |TAMS 0x0000000709600000, 0x0000000709600000| Untracked 
|  76|0x0000000709800000, 0x0000000709a00000, 0x0000000709a00000|100%| S|CS|TAMS 0x0000000709800000, 0x0000000709800000| Complete 
|  77|0x0000000709a00000, 0x0000000709c00000, 0x0000000709c00000|100%| S|CS|TAMS 0x0000000709a00000, 0x0000000709a00000| Complete 
|  78|0x0000000709c00000, 0x0000000709e00000, 0x0000000709e00000|100%| S|CS|TAMS 0x0000000709c00000, 0x0000000709c00000| Complete 
|  79|0x0000000709e00000, 0x000000070a000000, 0x000000070a000000|100%| S|CS|TAMS 0x0000000709e00000, 0x0000000709e00000| Complete 
|  80|0x000000070a000000, 0x000000070a200000, 0x000000070a200000|100%| S|CS|TAMS 0x000000070a000000, 0x000000070a000000| Complete 
|  81|0x000000070a200000, 0x000000070a400000, 0x000000070a400000|100%| S|CS|TAMS 0x000000070a200000, 0x000000070a200000| Complete 
|  82|0x000000070a400000, 0x000000070a400000, 0x000000070a600000|  0%| F|  |TAMS 0x000000070a400000, 0x000000070a400000| Untracked 
|  83|0x000000070a600000, 0x000000070a600000, 0x000000070a800000|  0%| F|  |TAMS 0x000000070a600000, 0x000000070a600000| Untracked 
|  84|0x000000070a800000, 0x000000070a800000, 0x000000070aa00000|  0%| F|  |TAMS 0x000000070a800000, 0x000000070a800000| Untracked 
|  85|0x000000070aa00000, 0x000000070aa00000, 0x000000070ac00000|  0%| F|  |TAMS 0x000000070aa00000, 0x000000070aa00000| Untracked 
|  86|0x000000070ac00000, 0x000000070ac00000, 0x000000070ae00000|  0%| F|  |TAMS 0x000000070ac00000, 0x000000070ac00000| Untracked 
|  87|0x000000070ae00000, 0x000000070ae00000, 0x000000070b000000|  0%| F|  |TAMS 0x000000070ae00000, 0x000000070ae00000| Untracked 
|  88|0x000000070b000000, 0x000000070b000000, 0x000000070b200000|  0%| F|  |TAMS 0x000000070b000000, 0x000000070b000000| Untracked 
|  89|0x000000070b200000, 0x000000070b200000, 0x000000070b400000|  0%| F|  |TAMS 0x000000070b200000, 0x000000070b200000| Untracked 
|  90|0x000000070b400000, 0x000000070b400000, 0x000000070b600000|  0%| F|  |TAMS 0x000000070b400000, 0x000000070b400000| Untracked 
|  91|0x000000070b600000, 0x000000070b600000, 0x000000070b800000|  0%| F|  |TAMS 0x000000070b600000, 0x000000070b600000| Untracked 
|  92|0x000000070b800000, 0x000000070b800000, 0x000000070ba00000|  0%| F|  |TAMS 0x000000070b800000, 0x000000070b800000| Untracked 
|  93|0x000000070ba00000, 0x000000070ba00000, 0x000000070bc00000|  0%| F|  |TAMS 0x000000070ba00000, 0x000000070ba00000| Untracked 
|  94|0x000000070bc00000, 0x000000070bc00000, 0x000000070be00000|  0%| F|  |TAMS 0x000000070bc00000, 0x000000070bc00000| Untracked 
|  95|0x000000070be00000, 0x000000070be00000, 0x000000070c000000|  0%| F|  |TAMS 0x000000070be00000, 0x000000070be00000| Untracked 
|  96|0x000000070c000000, 0x000000070c000000, 0x000000070c200000|  0%| F|  |TAMS 0x000000070c000000, 0x000000070c000000| Untracked 
|  97|0x000000070c200000, 0x000000070c200000, 0x000000070c400000|  0%| F|  |TAMS 0x000000070c200000, 0x000000070c200000| Untracked 
|  98|0x000000070c400000, 0x000000070c400000, 0x000000070c600000|  0%| F|  |TAMS 0x000000070c400000, 0x000000070c400000| Untracked 
|  99|0x000000070c600000, 0x000000070c600000, 0x000000070c800000|  0%| F|  |TAMS 0x000000070c600000, 0x000000070c600000| Untracked 
| 100|0x000000070c800000, 0x000000070c800000, 0x000000070ca00000|  0%| F|  |TAMS 0x000000070c800000, 0x000000070c800000| Untracked 
| 101|0x000000070ca00000, 0x000000070ca00000, 0x000000070cc00000|  0%| F|  |TAMS 0x000000070ca00000, 0x000000070ca00000| Untracked 
| 102|0x000000070cc00000, 0x000000070cc00000, 0x000000070ce00000|  0%| F|  |TAMS 0x000000070cc00000, 0x000000070cc00000| Untracked 
| 103|0x000000070ce00000, 0x000000070ce00000, 0x000000070d000000|  0%| F|  |TAMS 0x000000070ce00000, 0x000000070ce00000| Untracked 
| 104|0x000000070d000000, 0x000000070d000000, 0x000000070d200000|  0%| F|  |TAMS 0x000000070d000000, 0x000000070d000000| Untracked 
| 105|0x000000070d200000, 0x000000070d200000, 0x000000070d400000|  0%| F|  |TAMS 0x000000070d200000, 0x000000070d200000| Untracked 
| 106|0x000000070d400000, 0x000000070d400000, 0x000000070d600000|  0%| F|  |TAMS 0x000000070d400000, 0x000000070d400000| Untracked 
| 107|0x000000070d600000, 0x000000070d600000, 0x000000070d800000|  0%| F|  |TAMS 0x000000070d600000, 0x000000070d600000| Untracked 
| 108|0x000000070d800000, 0x000000070d800000, 0x000000070da00000|  0%| F|  |TAMS 0x000000070d800000, 0x000000070d800000| Untracked 
| 109|0x000000070da00000, 0x000000070da00000, 0x000000070dc00000|  0%| F|  |TAMS 0x000000070da00000, 0x000000070da00000| Untracked 
| 110|0x000000070dc00000, 0x000000070dc00000, 0x000000070de00000|  0%| F|  |TAMS 0x000000070dc00000, 0x000000070dc00000| Untracked 
| 111|0x000000070de00000, 0x000000070de00000, 0x000000070e000000|  0%| F|  |TAMS 0x000000070de00000, 0x000000070de00000| Untracked 
| 112|0x000000070e000000, 0x000000070e000000, 0x000000070e200000|  0%| F|  |TAMS 0x000000070e000000, 0x000000070e000000| Untracked 
| 113|0x000000070e200000, 0x000000070e200000, 0x000000070e400000|  0%| F|  |TAMS 0x000000070e200000, 0x000000070e200000| Untracked 
| 114|0x000000070e400000, 0x000000070e400000, 0x000000070e600000|  0%| F|  |TAMS 0x000000070e400000, 0x000000070e400000| Untracked 
| 115|0x000000070e600000, 0x000000070e600000, 0x000000070e800000|  0%| F|  |TAMS 0x000000070e600000, 0x000000070e600000| Untracked 
| 116|0x000000070e800000, 0x000000070e800000, 0x000000070ea00000|  0%| F|  |TAMS 0x000000070e800000, 0x000000070e800000| Untracked 
| 117|0x000000070ea00000, 0x000000070ea00000, 0x000000070ec00000|  0%| F|  |TAMS 0x000000070ea00000, 0x000000070ea00000| Untracked 
| 118|0x000000070ec00000, 0x000000070ec00000, 0x000000070ee00000|  0%| F|  |TAMS 0x000000070ec00000, 0x000000070ec00000| Untracked 
| 119|0x000000070ee00000, 0x000000070ee00000, 0x000000070f000000|  0%| F|  |TAMS 0x000000070ee00000, 0x000000070ee00000| Untracked 
| 120|0x000000070f000000, 0x000000070f000000, 0x000000070f200000|  0%| F|  |TAMS 0x000000070f000000, 0x000000070f000000| Untracked 
| 121|0x000000070f200000, 0x000000070f200000, 0x000000070f400000|  0%| F|  |TAMS 0x000000070f200000, 0x000000070f200000| Untracked 
| 122|0x000000070f400000, 0x000000070f400000, 0x000000070f600000|  0%| F|  |TAMS 0x000000070f400000, 0x000000070f400000| Untracked 
| 123|0x000000070f600000, 0x000000070f600000, 0x000000070f800000|  0%| F|  |TAMS 0x000000070f600000, 0x000000070f600000| Untracked 
| 124|0x000000070f800000, 0x000000070f800000, 0x000000070fa00000|  0%| F|  |TAMS 0x000000070f800000, 0x000000070f800000| Untracked 
| 125|0x000000070fa00000, 0x000000070fa00000, 0x000000070fc00000|  0%| F|  |TAMS 0x000000070fa00000, 0x000000070fa00000| Untracked 
| 126|0x000000070fc00000, 0x000000070fc00000, 0x000000070fe00000|  0%| F|  |TAMS 0x000000070fc00000, 0x000000070fc00000| Untracked 
| 127|0x000000070fe00000, 0x000000070fe00000, 0x0000000710000000|  0%| F|  |TAMS 0x000000070fe00000, 0x000000070fe00000| Untracked 
| 128|0x0000000710000000, 0x0000000710000000, 0x0000000710200000|  0%| F|  |TAMS 0x0000000710000000, 0x0000000710000000| Untracked 
| 129|0x0000000710200000, 0x0000000710200000, 0x0000000710400000|  0%| F|  |TAMS 0x0000000710200000, 0x0000000710200000| Untracked 
| 130|0x0000000710400000, 0x0000000710400000, 0x0000000710600000|  0%| F|  |TAMS 0x0000000710400000, 0x0000000710400000| Untracked 
| 131|0x0000000710600000, 0x0000000710600000, 0x0000000710800000|  0%| F|  |TAMS 0x0000000710600000, 0x0000000710600000| Untracked 
| 132|0x0000000710800000, 0x0000000710800000, 0x0000000710a00000|  0%| F|  |TAMS 0x0000000710800000, 0x0000000710800000| Untracked 
| 133|0x0000000710a00000, 0x0000000710a00000, 0x0000000710c00000|  0%| F|  |TAMS 0x0000000710a00000, 0x0000000710a00000| Untracked 
| 134|0x0000000710c00000, 0x0000000710c00000, 0x0000000710e00000|  0%| F|  |TAMS 0x0000000710c00000, 0x0000000710c00000| Untracked 
| 135|0x0000000710e00000, 0x0000000710e00000, 0x0000000711000000|  0%| F|  |TAMS 0x0000000710e00000, 0x0000000710e00000| Untracked 
| 136|0x0000000711000000, 0x0000000711000000, 0x0000000711200000|  0%| F|  |TAMS 0x0000000711000000, 0x0000000711000000| Untracked 
| 137|0x0000000711200000, 0x0000000711200000, 0x0000000711400000|  0%| F|  |TAMS 0x0000000711200000, 0x0000000711200000| Untracked 
| 138|0x0000000711400000, 0x0000000711400000, 0x0000000711600000|  0%| F|  |TAMS 0x0000000711400000, 0x0000000711400000| Untracked 
| 139|0x0000000711600000, 0x0000000711600000, 0x0000000711800000|  0%| F|  |TAMS 0x0000000711600000, 0x0000000711600000| Untracked 
| 140|0x0000000711800000, 0x0000000711800000, 0x0000000711a00000|  0%| F|  |TAMS 0x0000000711800000, 0x0000000711800000| Untracked 
| 141|0x0000000711a00000, 0x0000000711a00000, 0x0000000711c00000|  0%| F|  |TAMS 0x0000000711a00000, 0x0000000711a00000| Untracked 
| 142|0x0000000711c00000, 0x0000000711c00000, 0x0000000711e00000|  0%| F|  |TAMS 0x0000000711c00000, 0x0000000711c00000| Untracked 
| 143|0x0000000711e00000, 0x0000000711e00000, 0x0000000712000000|  0%| F|  |TAMS 0x0000000711e00000, 0x0000000711e00000| Untracked 
| 144|0x0000000712000000, 0x0000000712000000, 0x0000000712200000|  0%| F|  |TAMS 0x0000000712000000, 0x0000000712000000| Untracked 
| 145|0x0000000712200000, 0x0000000712200000, 0x0000000712400000|  0%| F|  |TAMS 0x0000000712200000, 0x0000000712200000| Untracked 
| 146|0x0000000712400000, 0x0000000712400000, 0x0000000712600000|  0%| F|  |TAMS 0x0000000712400000, 0x0000000712400000| Untracked 
| 147|0x0000000712600000, 0x0000000712600000, 0x0000000712800000|  0%| F|  |TAMS 0x0000000712600000, 0x0000000712600000| Untracked 
| 148|0x0000000712800000, 0x0000000712800000, 0x0000000712a00000|  0%| F|  |TAMS 0x0000000712800000, 0x0000000712800000| Untracked 
| 149|0x0000000712a00000, 0x0000000712a00000, 0x0000000712c00000|  0%| F|  |TAMS 0x0000000712a00000, 0x0000000712a00000| Untracked 
| 150|0x0000000712c00000, 0x0000000712c00000, 0x0000000712e00000|  0%| F|  |TAMS 0x0000000712c00000, 0x0000000712c00000| Untracked 
| 151|0x0000000712e00000, 0x0000000712e00000, 0x0000000713000000|  0%| F|  |TAMS 0x0000000712e00000, 0x0000000712e00000| Untracked 
| 152|0x0000000713000000, 0x0000000713000000, 0x0000000713200000|  0%| F|  |TAMS 0x0000000713000000, 0x0000000713000000| Untracked 
| 153|0x0000000713200000, 0x0000000713200000, 0x0000000713400000|  0%| F|  |TAMS 0x0000000713200000, 0x0000000713200000| Untracked 
| 154|0x0000000713400000, 0x0000000713400000, 0x0000000713600000|  0%| F|  |TAMS 0x0000000713400000, 0x0000000713400000| Untracked 
| 155|0x0000000713600000, 0x0000000713600000, 0x0000000713800000|  0%| F|  |TAMS 0x0000000713600000, 0x0000000713600000| Untracked 
| 156|0x0000000713800000, 0x0000000713800000, 0x0000000713a00000|  0%| F|  |TAMS 0x0000000713800000, 0x0000000713800000| Untracked 
| 157|0x0000000713a00000, 0x0000000713a00000, 0x0000000713c00000|  0%| F|  |TAMS 0x0000000713a00000, 0x0000000713a00000| Untracked 
| 158|0x0000000713c00000, 0x0000000713c00000, 0x0000000713e00000|  0%| F|  |TAMS 0x0000000713c00000, 0x0000000713c00000| Untracked 
| 159|0x0000000713e00000, 0x0000000713e00000, 0x0000000714000000|  0%| F|  |TAMS 0x0000000713e00000, 0x0000000713e00000| Untracked 
| 160|0x0000000714000000, 0x0000000714000000, 0x0000000714200000|  0%| F|  |TAMS 0x0000000714000000, 0x0000000714000000| Untracked 
| 161|0x0000000714200000, 0x0000000714200000, 0x0000000714400000|  0%| F|  |TAMS 0x0000000714200000, 0x0000000714200000| Untracked 
| 162|0x0000000714400000, 0x0000000714400000, 0x0000000714600000|  0%| F|  |TAMS 0x0000000714400000, 0x0000000714400000| Untracked 
| 163|0x0000000714600000, 0x0000000714600000, 0x0000000714800000|  0%| F|  |TAMS 0x0000000714600000, 0x0000000714600000| Untracked 
| 164|0x0000000714800000, 0x0000000714800000, 0x0000000714a00000|  0%| F|  |TAMS 0x0000000714800000, 0x0000000714800000| Untracked 
| 165|0x0000000714a00000, 0x0000000714a00000, 0x0000000714c00000|  0%| F|  |TAMS 0x0000000714a00000, 0x0000000714a00000| Untracked 
| 166|0x0000000714c00000, 0x0000000714c00000, 0x0000000714e00000|  0%| F|  |TAMS 0x0000000714c00000, 0x0000000714c00000| Untracked 
| 167|0x0000000714e00000, 0x0000000714e00000, 0x0000000715000000|  0%| F|  |TAMS 0x0000000714e00000, 0x0000000714e00000| Untracked 
| 168|0x0000000715000000, 0x0000000715000000, 0x0000000715200000|  0%| F|  |TAMS 0x0000000715000000, 0x0000000715000000| Untracked 
| 169|0x0000000715200000, 0x0000000715200000, 0x0000000715400000|  0%| F|  |TAMS 0x0000000715200000, 0x0000000715200000| Untracked 
| 170|0x0000000715400000, 0x0000000715400000, 0x0000000715600000|  0%| F|  |TAMS 0x0000000715400000, 0x0000000715400000| Untracked 
| 171|0x0000000715600000, 0x0000000715600000, 0x0000000715800000|  0%| F|  |TAMS 0x0000000715600000, 0x0000000715600000| Untracked 
| 172|0x0000000715800000, 0x0000000715800000, 0x0000000715a00000|  0%| F|  |TAMS 0x0000000715800000, 0x0000000715800000| Untracked 
| 173|0x0000000715a00000, 0x0000000715a00000, 0x0000000715c00000|  0%| F|  |TAMS 0x0000000715a00000, 0x0000000715a00000| Untracked 
| 174|0x0000000715c00000, 0x0000000715c00000, 0x0000000715e00000|  0%| F|  |TAMS 0x0000000715c00000, 0x0000000715c00000| Untracked 
| 175|0x0000000715e00000, 0x0000000715e00000, 0x0000000716000000|  0%| F|  |TAMS 0x0000000715e00000, 0x0000000715e00000| Untracked 
| 176|0x0000000716000000, 0x0000000716000000, 0x0000000716200000|  0%| F|  |TAMS 0x0000000716000000, 0x0000000716000000| Untracked 
| 177|0x0000000716200000, 0x0000000716200000, 0x0000000716400000|  0%| F|  |TAMS 0x0000000716200000, 0x0000000716200000| Untracked 
| 178|0x0000000716400000, 0x0000000716400000, 0x0000000716600000|  0%| F|  |TAMS 0x0000000716400000, 0x0000000716400000| Untracked 
| 179|0x0000000716600000, 0x0000000716600000, 0x0000000716800000|  0%| F|  |TAMS 0x0000000716600000, 0x0000000716600000| Untracked 
| 180|0x0000000716800000, 0x0000000716800000, 0x0000000716a00000|  0%| F|  |TAMS 0x0000000716800000, 0x0000000716800000| Untracked 
| 181|0x0000000716a00000, 0x0000000716a00000, 0x0000000716c00000|  0%| F|  |TAMS 0x0000000716a00000, 0x0000000716a00000| Untracked 
| 182|0x0000000716c00000, 0x0000000716c00000, 0x0000000716e00000|  0%| F|  |TAMS 0x0000000716c00000, 0x0000000716c00000| Untracked 
| 183|0x0000000716e00000, 0x0000000716e00000, 0x0000000717000000|  0%| F|  |TAMS 0x0000000716e00000, 0x0000000716e00000| Untracked 
| 184|0x0000000717000000, 0x0000000717000000, 0x0000000717200000|  0%| F|  |TAMS 0x0000000717000000, 0x0000000717000000| Untracked 
|2046|0x00000007ffc00000, 0x00000007ffe00000, 0x00000007ffe00000|100%| O|  |TAMS 0x00000007ffe00000, 0x00000007ffc00000| Untracked 
|2047|0x00000007ffe00000, 0x0000000800000000, 0x0000000800000000|100%| O|  |TAMS 0x0000000800000000, 0x00000007ffe00000| Untracked 

Card table byte_map: [0x0000019aa5a90000,0x0000019aa6290000] _byte_map_base: 0x0000019aa2290000

Marking Bits (Prev, Next): (CMBitMap*) 0x0000019a8e4f77b0, (CMBitMap*) 0x0000019a8e4f7770
 Prev Bits: [0x0000019aaaa90000, 0x0000019aaea90000)
 Next Bits: [0x0000019aa6a90000, 0x0000019aaaa90000)

Polling page: 0x0000019a8c480000

Metaspace:

Usage:
  Non-class:     83.13 MB used.
      Class:     13.19 MB used.
       Both:     96.32 MB used.

Virtual space:
  Non-class space:      128.00 MB reserved,      83.69 MB ( 65%) committed,  2 nodes.
      Class space:        1.00 GB reserved,      13.69 MB (  1%) committed,  1 nodes.
             Both:        1.12 GB reserved,      97.38 MB (  8%) committed. 

Chunk freelists:
   Non-Class:  11.92 MB
       Class:  2.28 MB
        Both:  14.20 MB

MaxMetaspaceSize: unlimited
CompressedClassSpaceSize: 1.00 GB
Initial GC threshold: 21.00 MB
Current GC threshold: 157.94 MB
CDS: on
MetaspaceReclaimPolicy: balanced
 - commit_granule_bytes: 65536.
 - commit_granule_words: 8192.
 - virtual_space_node_default_size: 8388608.
 - enlarge_chunks_in_place: 1.
 - new_chunks_are_fully_committed: 0.
 - uncommit_free_chunks: 1.
 - use_allocation_guard: 0.
 - handle_deallocations: 1.


Internal statistics:

num_allocs_failed_limit: 6.
num_arena_births: 1222.
num_arena_deaths: 2.
num_vsnodes_births: 3.
num_vsnodes_deaths: 0.
num_space_committed: 1558.
num_space_uncommitted: 0.
num_chunks_returned_to_freelist: 10.
num_chunks_taken_from_freelist: 5250.
num_chunk_merges: 3.
num_chunk_splits: 3420.
num_chunks_enlarged: 2207.
num_inconsistent_stats: 0.

CodeHeap 'non-profiled nmethods': size=120000Kb used=11999Kb max_used=12058Kb free=108001Kb
 bounds [0x0000019a9d810000, 0x0000019a9e400000, 0x0000019aa4d40000]
CodeHeap 'profiled nmethods': size=120000Kb used=24785Kb max_used=26109Kb free=95214Kb
 bounds [0x0000019a95d40000, 0x0000019a976e0000, 0x0000019a9d270000]
CodeHeap 'non-nmethods': size=5760Kb used=2465Kb max_used=2568Kb free=3294Kb
 bounds [0x0000019a9d270000, 0x0000019a9d500000, 0x0000019a9d810000]
 total_blobs=14147 nmethods=13138 adapters=919
 compilation: enabled
              stopped_count=0, restarted_count=0
 full_count=0

Compilation events (20 events):
Event: 49.043 Thread 0x0000019afbd528f0 16500       4       org.objectweb.asm.ByteVector::<init> (12 bytes)
Event: 49.044 Thread 0x0000019ab1754d20 nmethod 16512 0x0000019a971bfe10 code [0x0000019a971c0080, 0x0000019a971c09c8]
Event: 49.046 Thread 0x0000019afbd528f0 nmethod 16500 0x0000019a9e2b1e90 code [0x0000019a9e2b2020, 0x0000019a9e2b2278]
Event: 49.088 Thread 0x0000019afbd528f0 16513       4       org.objectweb.asm.AnnotationWriter::putParameterAnnotations (173 bytes)
Event: 49.104 Thread 0x0000019afbd528f0 nmethod 16513 0x0000019a9e032710 code [0x0000019a9e032900, 0x0000019a9e033210]
Event: 49.104 Thread 0x0000019afbd528f0 16514       4       org.objectweb.asm.AnnotationWriter::putAnnotations (67 bytes)
Event: 49.108 Thread 0x0000019ab1754d20 16515       3       java.io.BufferedOutputStream::<init> (27 bytes)
Event: 49.108 Thread 0x0000019ab1754d20 nmethod 16515 0x0000019a9633a510 code [0x0000019a9633a6e0, 0x0000019a9633ac88]
Event: 49.150 Thread 0x0000019afbd528f0 nmethod 16514 0x0000019a9dcf3190 code [0x0000019a9dcf3440, 0x0000019a9dcf4d08]
Event: 49.150 Thread 0x0000019afbd528f0 16518       4       org.objectweb.asm.MethodWriter::putMethodInfo (1274 bytes)
Event: 49.356 Thread 0x0000019afbd528f0 nmethod 16518 0x0000019a9dcd1710 code [0x0000019a9dcd1d80, 0x0000019a9dcd7428]
Event: 49.356 Thread 0x0000019afbd528f0 16519       4       org.objectweb.asm.ClassReader::readMethod (1066 bytes)
Event: 49.360 Thread 0x0000019ab1752350 nmethod 16496% 0x0000019a9e3d6a10 code [0x0000019a9e3d72a0, 0x0000019a9e3e1408]
Event: 49.360 Thread 0x0000019ab1752350 16521       4       org.objectweb.asm.ClassWriter::toByteArray (1535 bytes)
Event: 49.548 Thread 0x0000019ab1752350 nmethod 16521 0x0000019a9e3e7b10 code [0x0000019a9e3e8300, 0x0000019a9e3eef40]
Event: 49.548 Thread 0x0000019ab1752350 16522       4       org.objectweb.asm.ClassReader::readCode (5109 bytes)
Event: 49.567 Thread 0x0000019afbd528f0 nmethod 16519 0x0000019a9e3f3690 code [0x0000019a9e3f3c40, 0x0000019a9e3f9220]
Event: 49.567 Thread 0x0000019afbd528f0 16523       4       org.objectweb.asm.ClassReader::accept (1412 bytes)
Event: 49.695 Thread 0x0000019ab1754d20 16524       3       org.objectweb.asm.MethodVisitor::visitIincInsn (17 bytes)
Event: 49.695 Thread 0x0000019ab1754d20 nmethod 16524 0x0000019a96071410 code [0x0000019a960715c0, 0x0000019a960717c8]

GC Heap History (20 events):
Event: 31.532 GC heap after
{Heap after GC invocations=59 (full 0):
 garbage-first heap   total 382976K, used 117434K [0x0000000700000000, 0x0000000800000000)
  region size 2048K, 3 young (6144K), 3 survivors (6144K)
 Metaspace       used 96048K, committed 97088K, reserved 1179648K
  class space    used 13251K, committed 13760K, reserved 1048576K
}
Event: 32.810 GC heap before
{Heap before GC invocations=59 (full 0):
 garbage-first heap   total 382976K, used 334522K [0x0000000700000000, 0x0000000800000000)
  region size 2048K, 110 young (225280K), 3 survivors (6144K)
 Metaspace       used 96094K, committed 97152K, reserved 1179648K
  class space    used 13259K, committed 13760K, reserved 1048576K
}
Event: 32.812 GC heap after
{Heap after GC invocations=60 (full 0):
 garbage-first heap   total 382976K, used 106885K [0x0000000700000000, 0x0000000800000000)
  region size 2048K, 1 young (2048K), 1 survivors (2048K)
 Metaspace       used 96094K, committed 97152K, reserved 1179648K
  class space    used 13259K, committed 13760K, reserved 1048576K
}
Event: 33.538 GC heap before
{Heap before GC invocations=60 (full 0):
 garbage-first heap   total 382976K, used 334213K [0x0000000700000000, 0x0000000800000000)
  region size 2048K, 112 young (229376K), 1 survivors (2048K)
 Metaspace       used 96094K, committed 97152K, reserved 1179648K
  class space    used 13259K, committed 13760K, reserved 1048576K
}
Event: 33.540 GC heap after
{Heap after GC invocations=61 (full 0):
 garbage-first heap   total 382976K, used 106505K [0x0000000700000000, 0x0000000800000000)
  region size 2048K, 1 young (2048K), 1 survivors (2048K)
 Metaspace       used 96094K, committed 97152K, reserved 1179648K
  class space    used 13259K, committed 13760K, reserved 1048576K
}
Event: 42.672 GC heap before
{Heap before GC invocations=61 (full 0):
 garbage-first heap   total 382976K, used 331785K [0x0000000700000000, 0x0000000800000000)
  region size 2048K, 112 young (229376K), 1 survivors (2048K)
 Metaspace       used 98452K, committed 99520K, reserved 1179648K
  class space    used 13504K, committed 14016K, reserved 1048576K
}
Event: 42.693 GC heap after
{Heap after GC invocations=62 (full 0):
 garbage-first heap   total 382976K, used 117128K [0x0000000700000000, 0x0000000800000000)
  region size 2048K, 6 young (12288K), 6 survivors (12288K)
 Metaspace       used 98452K, committed 99520K, reserved 1179648K
  class space    used 13504K, committed 14016K, reserved 1048576K
}
Event: 46.509 GC heap before
{Heap before GC invocations=62 (full 0):
 garbage-first heap   total 382976K, used 323976K [0x0000000700000000, 0x0000000800000000)
  region size 2048K, 108 young (221184K), 6 survivors (12288K)
 Metaspace       used 98567K, committed 99648K, reserved 1179648K
  class space    used 13505K, committed 14016K, reserved 1048576K
}
Event: 46.525 GC heap after
{Heap after GC invocations=63 (full 0):
 garbage-first heap   total 382976K, used 126624K [0x0000000700000000, 0x0000000800000000)
  region size 2048K, 11 young (22528K), 11 survivors (22528K)
 Metaspace       used 98567K, committed 99648K, reserved 1179648K
  class space    used 13505K, committed 14016K, reserved 1048576K
}
Event: 47.419 GC heap before
{Heap before GC invocations=63 (full 0):
 garbage-first heap   total 382976K, used 317088K [0x0000000700000000, 0x0000000800000000)
  region size 2048K, 105 young (215040K), 11 survivors (22528K)
 Metaspace       used 98583K, committed 99648K, reserved 1179648K
  class space    used 13506K, committed 14016K, reserved 1048576K
}
Event: 47.435 GC heap after
{Heap after GC invocations=64 (full 0):
 garbage-first heap   total 382976K, used 126337K [0x0000000700000000, 0x0000000800000000)
  region size 2048K, 6 young (12288K), 6 survivors (12288K)
 Metaspace       used 98583K, committed 99648K, reserved 1179648K
  class space    used 13506K, committed 14016K, reserved 1048576K
}
Event: 47.855 GC heap before
{Heap before GC invocations=64 (full 0):
 garbage-first heap   total 382976K, used 322945K [0x0000000700000000, 0x0000000800000000)
  region size 2048K, 103 young (210944K), 6 survivors (12288K)
 Metaspace       used 98592K, committed 99648K, reserved 1179648K
  class space    used 13506K, committed 14016K, reserved 1048576K
}
Event: 47.868 GC heap after
{Heap after GC invocations=65 (full 0):
 garbage-first heap   total 382976K, used 128146K [0x0000000700000000, 0x0000000800000000)
  region size 2048K, 6 young (12288K), 6 survivors (12288K)
 Metaspace       used 98592K, committed 99648K, reserved 1179648K
  class space    used 13506K, committed 14016K, reserved 1048576K
}
Event: 48.183 GC heap before
{Heap before GC invocations=65 (full 0):
 garbage-first heap   total 382976K, used 324754K [0x0000000700000000, 0x0000000800000000)
  region size 2048K, 103 young (210944K), 6 survivors (12288K)
 Metaspace       used 98619K, committed 99712K, reserved 1179648K
  class space    used 13509K, committed 14016K, reserved 1048576K
}
Event: 48.196 GC heap after
{Heap after GC invocations=66 (full 0):
 garbage-first heap   total 382976K, used 128427K [0x0000000700000000, 0x0000000800000000)
  region size 2048K, 7 young (14336K), 7 survivors (14336K)
 Metaspace       used 98619K, committed 99712K, reserved 1179648K
  class space    used 13509K, committed 14016K, reserved 1048576K
}
Event: 48.481 GC heap before
{Heap before GC invocations=66 (full 0):
 garbage-first heap   total 382976K, used 325035K [0x0000000700000000, 0x0000000800000000)
  region size 2048K, 104 young (212992K), 7 survivors (14336K)
 Metaspace       used 98631K, committed 99712K, reserved 1179648K
  class space    used 13509K, committed 14016K, reserved 1048576K
}
Event: 48.494 GC heap after
{Heap after GC invocations=67 (full 0):
 garbage-first heap   total 382976K, used 128279K [0x0000000700000000, 0x0000000800000000)
  region size 2048K, 7 young (14336K), 7 survivors (14336K)
 Metaspace       used 98631K, committed 99712K, reserved 1179648K
  class space    used 13509K, committed 14016K, reserved 1048576K
}
Event: 48.810 GC heap before
{Heap before GC invocations=67 (full 0):
 garbage-first heap   total 382976K, used 324887K [0x0000000700000000, 0x0000000800000000)
  region size 2048K, 104 young (212992K), 7 survivors (14336K)
 Metaspace       used 98632K, committed 99712K, reserved 1179648K
  class space    used 13509K, committed 14016K, reserved 1048576K
}
Event: 48.823 GC heap after
{Heap after GC invocations=68 (full 0):
 garbage-first heap   total 382976K, used 128433K [0x0000000700000000, 0x0000000800000000)
  region size 2048K, 7 young (14336K), 7 survivors (14336K)
 Metaspace       used 98632K, committed 99712K, reserved 1179648K
  class space    used 13509K, committed 14016K, reserved 1048576K
}
Event: 49.834 GC heap before
{Heap before GC invocations=68 (full 0):
 garbage-first heap   total 382976K, used 325041K [0x0000000700000000, 0x0000000800000000)
  region size 2048K, 104 young (212992K), 7 survivors (14336K)
 Metaspace       used 98633K, committed 99712K, reserved 1179648K
  class space    used 13509K, committed 14016K, reserved 1048576K
}

Deoptimization events (20 events):
Event: 49.717 Thread 0x0000019afa6038c0 DEOPT PACKING pc=0x0000019a976d2a47 sp=0x00000003717fdea0
Event: 49.717 Thread 0x0000019afa6038c0 DEOPT UNPACKING pc=0x0000019a9d2c2b43 sp=0x00000003717fd5b0 mode 0
Event: 49.721 Thread 0x0000019afa607070 DEOPT PACKING pc=0x0000019a976d18a2 sp=0x00000003716fe280
Event: 49.721 Thread 0x0000019afa607070 DEOPT UNPACKING pc=0x0000019a9d2c2b43 sp=0x00000003716fd990 mode 0
Event: 49.724 Thread 0x0000019afa606b60 DEOPT PACKING pc=0x0000019a976d2a47 sp=0x0000000371cfdf30
Event: 49.724 Thread 0x0000019afa606b60 DEOPT UNPACKING pc=0x0000019a9d2c2b43 sp=0x0000000371cfd640 mode 0
Event: 49.737 Thread 0x0000019afa6038c0 DEOPT PACKING pc=0x0000019a976d1eda sp=0x00000003717fdea0
Event: 49.737 Thread 0x0000019afa6038c0 DEOPT UNPACKING pc=0x0000019a9d2c2b43 sp=0x00000003717fd5b0 mode 0
Event: 49.739 Thread 0x0000019afa6038c0 DEOPT PACKING pc=0x0000019a976d2a47 sp=0x00000003717fdea0
Event: 49.739 Thread 0x0000019afa6038c0 DEOPT UNPACKING pc=0x0000019a9d2c2b43 sp=0x00000003717fd5b0 mode 0
Event: 49.741 Thread 0x0000019afa6038c0 DEOPT PACKING pc=0x0000019a976d1eda sp=0x00000003717fdea0
Event: 49.741 Thread 0x0000019afa606b60 DEOPT PACKING pc=0x0000019a976d18a2 sp=0x0000000371cfdf30
Event: 49.741 Thread 0x0000019afa6038c0 DEOPT UNPACKING pc=0x0000019a9d2c2b43 sp=0x00000003717fd5b0 mode 0
Event: 49.741 Thread 0x0000019afa606b60 DEOPT UNPACKING pc=0x0000019a9d2c2b43 sp=0x0000000371cfd640 mode 0
Event: 49.743 Thread 0x0000019afa6038c0 DEOPT PACKING pc=0x0000019a976d18a2 sp=0x00000003717fdea0
Event: 49.743 Thread 0x0000019afa6038c0 DEOPT UNPACKING pc=0x0000019a9d2c2b43 sp=0x00000003717fd5b0 mode 0
Event: 49.747 Thread 0x0000019afa6038c0 DEOPT PACKING pc=0x0000019a976d18a2 sp=0x00000003717fdea0
Event: 49.747 Thread 0x0000019afa6038c0 DEOPT UNPACKING pc=0x0000019a9d2c2b43 sp=0x00000003717fd5b0 mode 0
Event: 49.750 Thread 0x0000019afa6038c0 DEOPT PACKING pc=0x0000019a976d2a47 sp=0x00000003717fdea0
Event: 49.750 Thread 0x0000019afa6038c0 DEOPT UNPACKING pc=0x0000019a9d2c2b43 sp=0x00000003717fd5b0 mode 0

Classes unloaded (4 events):
Event: 28.951 Thread 0x0000019ab0eae8e0 Unloading class 0x0000019ab3d35000 '_BuildScript_$_run_closure1$_closure3'
Event: 28.951 Thread 0x0000019ab0eae8e0 Unloading class 0x0000019ab3d34920 '_BuildScript_$_run_closure1$_closure2'
Event: 28.951 Thread 0x0000019ab0eae8e0 Unloading class 0x0000019ab3d34538 '_BuildScript_$_run_closure1'
Event: 28.951 Thread 0x0000019ab0eae8e0 Unloading class 0x0000019ab3d34000 '_BuildScript_'

Classes redefined (0 events):
No events

Internal exceptions (20 events):
Event: 48.456 Thread 0x0000019afa602ea0 Exception <a 'sun/nio/fs/WindowsException'{0x000000070c61eba0}> (0x000000070c61eba0) 
thrown [s\open\src\hotspot\share\prims\jni.cpp, line 516]
Event: 48.456 Thread 0x0000019afa602ea0 Exception <a 'sun/nio/fs/WindowsException'{0x000000070c61ed40}> (0x000000070c61ed40) 
thrown [s\open\src\hotspot\share\prims\jni.cpp, line 516]
Event: 48.523 Thread 0x0000019afa605720 Exception <a 'sun/nio/fs/WindowsException'{0x00000007164fd050}> (0x00000007164fd050) 
thrown [s\open\src\hotspot\share\prims\jni.cpp, line 516]
Event: 48.578 Thread 0x0000019afa602ea0 Exception <a 'sun/nio/fs/WindowsException'{0x00000007162faed0}> (0x00000007162faed0) 
thrown [s\open\src\hotspot\share\prims\jni.cpp, line 516]
Event: 48.581 Thread 0x0000019afa6038c0 Exception <a 'sun/nio/fs/WindowsException'{0x0000000712cd8d80}> (0x0000000712cd8d80) 
thrown [s\open\src\hotspot\share\prims\jni.cpp, line 516]
Event: 48.592 Thread 0x0000019afa6038c0 Exception <a 'sun/nio/fs/WindowsException'{0x0000000712cd8f18}> (0x0000000712cd8f18) 
thrown [s\open\src\hotspot\share\prims\jni.cpp, line 516]
Event: 48.602 Thread 0x0000019afa605720 Exception <a 'sun/nio/fs/WindowsException'{0x00000007111df298}> (0x00000007111df298) 
thrown [s\open\src\hotspot\share\prims\jni.cpp, line 516]
Event: 48.630 Thread 0x0000019afa605720 Exception <a 'sun/nio/fs/WindowsException'{0x00000007111df408}> (0x00000007111df408) 
thrown [s\open\src\hotspot\share\prims\jni.cpp, line 516]
Event: 48.963 Thread 0x0000019afa6038c0 Exception <a 'sun/nio/fs/WindowsException'{0x00000007132c8188}> (0x00000007132c8188) 
thrown [s\open\src\hotspot\share\prims\jni.cpp, line 516]
Event: 48.972 Thread 0x0000019afa602ea0 Exception <a 'sun/nio/fs/WindowsException'{0x0000000712f93170}> (0x0000000712f93170) 
thrown [s\open\src\hotspot\share\prims\jni.cpp, line 516]
Event: 48.975 Thread 0x0000019afa602ea0 Exception <a 'sun/nio/fs/WindowsException'{0x0000000712f93328}> (0x0000000712f93328) 
thrown [s\open\src\hotspot\share\prims\jni.cpp, line 516]
Event: 48.977 Thread 0x0000019afa605720 Exception <a 'sun/nio/fs/WindowsException'{0x0000000712c8bc70}> (0x0000000712c8bc70) 
thrown [s\open\src\hotspot\share\prims\jni.cpp, line 516]
Event: 49.023 Thread 0x0000019afa602ea0 Exception <a 'sun/nio/fs/WindowsException'{0x0000000712fac390}> (0x0000000712fac390) 
thrown [s\open\src\hotspot\share\prims\jni.cpp, line 516]
Event: 49.096 Thread 0x0000019afa6038c0 Exception <a 'sun/nio/fs/WindowsException'{0x000000071130ec20}> (0x000000071130ec20) 
thrown [s\open\src\hotspot\share\prims\jni.cpp, line 516]
Event: 49.097 Thread 0x0000019afa6038c0 Exception <a 'sun/nio/fs/WindowsException'{0x000000071130edb0}> (0x000000071130edb0) 
thrown [s\open\src\hotspot\share\prims\jni.cpp, line 516]
Event: 49.106 Thread 0x0000019afa6038c0 Exception <a 'sun/nio/fs/WindowsException'{0x00000007110ac578}> (0x00000007110ac578) 
thrown [s\open\src\hotspot\share\prims\jni.cpp, line 516]
Event: 49.131 Thread 0x0000019afa603dd0 Exception <a 'sun/nio/fs/WindowsException'{0x0000000710a5bb18}> (0x0000000710a5bb18) 
thrown [s\open\src\hotspot\share\prims\jni.cpp, line 516]
Event: 49.132 Thread 0x0000019afa603dd0 Exception <a 'sun/nio/fs/WindowsException'{0x0000000710a5bcd0}> (0x0000000710a5bcd0) 
thrown [s\open\src\hotspot\share\prims\jni.cpp, line 516]
Event: 49.505 Thread 0x0000019afa603dd0 Exception <a 'sun/nio/fs/WindowsException'{0x0000000710b569b0}> (0x0000000710b569b0) 
thrown [s\open\src\hotspot\share\prims\jni.cpp, line 516]
Event: 49.727 Thread 0x0000019afa602ea0 Exception <a 'sun/nio/fs/WindowsException'{0x0000000712fb4b10}> (0x0000000712fb4b10) 
thrown [s\open\src\hotspot\share\prims\jni.cpp, line 516]

VM Operations (20 events):
Event: 46.560 Executing VM operation: HandshakeAllThreads done
Event: 47.410 Executing VM operation: G1CollectForAllocation
Event: 47.440 Executing VM operation: G1CollectForAllocation done
Event: 47.842 Executing VM operation: G1CollectForAllocation
Event: 47.855 Executing VM operation: G1CollectForAllocation done
Event: 47.855 Executing VM operation: G1CollectForAllocation
Event: 47.868 Executing VM operation: G1CollectForAllocation done
Event: 48.168 Executing VM operation: G1CollectForAllocation
Event: 48.198 Executing VM operation: G1CollectForAllocation done
Event: 48.466 Executing VM operation: G1CollectForAllocation
Event: 48.480 Executing VM operation: G1CollectForAllocation done
Event: 48.481 Executing VM operation: G1CollectForAllocation
Event: 48.496 Executing VM operation: G1CollectForAllocation done
Event: 48.777 Executing VM operation: G1CollectForAllocation
Event: 48.809 Executing VM operation: G1CollectForAllocation done
Event: 48.809 Executing VM operation: G1CollectForAllocation
Event: 48.823 Executing VM operation: G1CollectForAllocation done
Event: 49.757 Executing VM operation: G1CollectForAllocation
Event: 49.831 Executing VM operation: G1CollectForAllocation done
Event: 49.834 Executing VM operation: G1CollectForAllocation

Events (20 events):
Event: 46.585 Thread 0x0000019ab175ab40 flushing nmethod 0x0000019a97436510
Event: 46.585 Thread 0x0000019ab175ab40 flushing nmethod 0x0000019a9748c790
Event: 46.585 Thread 0x0000019ab175ab40 flushing nmethod 0x0000019a9748dc10
Event: 46.585 Thread 0x0000019ab175ab40 flushing nmethod 0x0000019a9749f290
Event: 46.585 Thread 0x0000019ab175ab40 flushing nmethod 0x0000019a974a0490
Event: 46.585 Thread 0x0000019ab175ab40 flushing nmethod 0x0000019a974add90
Event: 46.585 Thread 0x0000019ab175ab40 flushing nmethod 0x0000019a974af090
Event: 46.585 Thread 0x0000019ab175ab40 flushing nmethod 0x0000019a974ba410
Event: 46.585 Thread 0x0000019ab175ab40 flushing nmethod 0x0000019a974c1090
Event: 46.585 Thread 0x0000019ab175ab40 flushing nmethod 0x0000019a974f6190
Event: 46.585 Thread 0x0000019ab175ab40 flushing nmethod 0x0000019a9751c290
Event: 46.586 Thread 0x0000019ab175ab40 flushing nmethod 0x0000019a97564710
Event: 46.586 Thread 0x0000019ab175ab40 flushing nmethod 0x0000019a97571710
Event: 46.586 Thread 0x0000019ab175ab40 flushing nmethod 0x0000019a97574710
Event: 46.586 Thread 0x0000019ab175ab40 flushing nmethod 0x0000019a97665710
Event: 47.327 Thread 0x0000019afbd50910 Thread exited: 0x0000019afbd50910
Event: 47.328 Thread 0x0000019afbd528f0 Thread exited: 0x0000019afbd528f0
Event: 47.929 loading class sun/nio/fs/WindowsSecurity$Privilege
Event: 47.929 loading class sun/nio/fs/WindowsSecurity$Privilege done
Event: 48.999 Thread 0x0000019afbd528f0 Thread added: 0x0000019afbd528f0


Dynamic libraries:
0x00007ff747e30000 - 0x00007ff747e40000 	C:\Program Files\Java\jdk-17.0.12\bin\java.exe
0x00007ffa9c8b0000 - 0x00007ffa9cac8000 	C:\Windows\SYSTEM32\ntdll.dll
0x00007ffa9b750000 - 0x00007ffa9b814000 	C:\Windows\System32\KERNEL32.DLL
0x00007ffa99c80000 - 0x00007ffa9a053000 	C:\Windows\System32\KERNELBASE.dll
0x00007ffa99b60000 - 0x00007ffa99c71000 	C:\Windows\System32\ucrtbase.dll
0x00007ffa11170000 - 0x00007ffa1118b000 	C:\Program Files\Java\jdk-17.0.12\bin\VCRUNTIME140.dll
0x00007ffa11150000 - 0x00007ffa11169000 	C:\Program Files\Java\jdk-17.0.12\bin\jli.dll
0x00007ffa9a550000 - 0x00007ffa9a601000 	C:\Windows\System32\ADVAPI32.dll
0x00007ffa9bd20000 - 0x00007ffa9bdc7000 	C:\Windows\System32\msvcrt.dll
0x00007ffa9a6d0000 - 0x00007ffa9a778000 	C:\Windows\System32\sechost.dll
0x00007ffa9a520000 - 0x00007ffa9a548000 	C:\Windows\System32\bcrypt.dll
0x00007ffa9b820000 - 0x00007ffa9b938000 	C:\Windows\System32\RPCRT4.dll
0x00007ffa9bab0000 - 0x00007ffa9bc62000 	C:\Windows\System32\USER32.dll
0x00007ffa9a3b0000 - 0x00007ffa9a3d6000 	C:\Windows\System32\win32u.dll
0x00007ffa9a790000 - 0x00007ffa9a7b9000 	C:\Windows\System32\GDI32.dll
0x00007ffa7ff30000 - 0x00007ffa801cc000 	C:\Windows\WinSxS\amd64_microsoft.windows.common-controls_6595b64144ccf1df_6.0.22621.6060_none_2712eda17382d24b\COMCTL32.dll
0x00007ffa9a120000 - 0x00007ffa9a23b000 	C:\Windows\System32\gdi32full.dll
0x00007ffa99ac0000 - 0x00007ffa99b5a000 	C:\Windows\System32\msvcp_win.dll
0x00007ffa8a6e0000 - 0x00007ffa8a6ea000 	C:\Windows\SYSTEM32\VERSION.dll
0x00007ffa9a690000 - 0x00007ffa9a6c1000 	C:\Windows\System32\IMM32.DLL
0x00007ffa11140000 - 0x00007ffa1114c000 	C:\Program Files\Java\jdk-17.0.12\bin\vcruntime140_1.dll
0x00007ffa0a360000 - 0x00007ffa0a3ee000 	C:\Program Files\Java\jdk-17.0.12\bin\msvcp140.dll
0x00007ff9d0e60000 - 0x00007ff9d1a40000 	C:\Program Files\Java\jdk-17.0.12\bin\server\jvm.dll
0x00007ffa9a940000 - 0x00007ffa9a948000 	C:\Windows\System32\PSAPI.DLL
0x00007ffa8d3f0000 - 0x00007ffa8d424000 	C:\Windows\SYSTEM32\WINMM.dll
0x00007ffa76a50000 - 0x00007ffa76a59000 	C:\Windows\SYSTEM32\WSOCK32.dll
0x00007ffa9a610000 - 0x00007ffa9a681000 	C:\Windows\System32\WS2_32.dll
0x00007ffa98a90000 - 0x00007ffa98aa8000 	C:\Windows\SYSTEM32\kernel.appcore.dll
0x00007ffa11130000 - 0x00007ffa1113a000 	C:\Program Files\Java\jdk-17.0.12\bin\jimage.dll
0x00007ffa96d40000 - 0x00007ffa96f73000 	C:\Windows\SYSTEM32\DBGHELP.DLL
0x00007ffa9b000000 - 0x00007ffa9b391000 	C:\Windows\System32\combase.dll
0x00007ffa9b670000 - 0x00007ffa9b748000 	C:\Windows\System32\OLEAUT32.dll
0x00007ffa89ac0000 - 0x00007ffa89af2000 	C:\Windows\SYSTEM32\dbgcore.DLL
0x00007ffa999c0000 - 0x00007ffa99a3b000 	C:\Windows\System32\bcryptPrimitives.dll
0x00007ffa11100000 - 0x00007ffa11125000 	C:\Program Files\Java\jdk-17.0.12\bin\java.dll
0x00007ffa0a280000 - 0x00007ffa0a357000 	C:\Program Files\Java\jdk-17.0.12\bin\jsvml.dll
0x00007ffa9bdd0000 - 0x00007ffa9c66c000 	C:\Windows\System32\SHELL32.dll
0x00007ffa9a3e0000 - 0x00007ffa9a51f000 	C:\Windows\System32\wintypes.dll
0x00007ffa97890000 - 0x00007ffa981aa000 	C:\Windows\SYSTEM32\windows.storage.dll
0x00007ffa9b990000 - 0x00007ffa9ba94000 	C:\Windows\System32\SHCORE.dll
0x00007ffa9af90000 - 0x00007ffa9aff9000 	C:\Windows\System32\shlwapi.dll
0x00007ffa998f0000 - 0x00007ffa99915000 	C:\Windows\SYSTEM32\profapi.dll
0x00007ffa110e0000 - 0x00007ffa110f9000 	C:\Program Files\Java\jdk-17.0.12\bin\net.dll
0x00007ffa8f8c0000 - 0x00007ffa8f9ec000 	C:\Windows\SYSTEM32\WINHTTP.dll
0x00007ffa98f70000 - 0x00007ffa98fd9000 	C:\Windows\system32\mswsock.dll
0x00007ffa10d90000 - 0x00007ffa10da6000 	C:\Program Files\Java\jdk-17.0.12\bin\nio.dll
0x00007ffa10d70000 - 0x00007ffa10d88000 	C:\Program Files\Java\jdk-17.0.12\bin\zip.dll
0x00007ffa110a0000 - 0x00007ffa110b0000 	C:\Program Files\Java\jdk-17.0.12\bin\verify.dll
0x00007ffa0ab50000 - 0x00007ffa0ab77000 	C:\Users\ACER\.gradle\native\c067742578af261105cb4f569cf0c3c89f3d7b1fecec35dd04571415982c5e48\windows-amd64\native-platform.dll
0x00007ffa0a110000 - 0x00007ffa0a254000 	C:\Users\ACER\.gradle\native\38dada09dfb8b06ba9b0570ebf7e218e3eb74d4ef43ca46872605cf95ebc2f47\windows-amd64\native-platform-file-events.dll
0x00007ffa10d30000 - 0x00007ffa10d3a000 	C:\Program Files\Java\jdk-17.0.12\bin\management.dll
0x00007ffa0ab40000 - 0x00007ffa0ab4b000 	C:\Program Files\Java\jdk-17.0.12\bin\management_ext.dll
0x00007ffa991c0000 - 0x00007ffa991db000 	C:\Windows\SYSTEM32\CRYPTSP.dll
0x00007ffa989f0000 - 0x00007ffa98a27000 	C:\Windows\system32\rsaenh.dll
0x00007ffa99060000 - 0x00007ffa99088000 	C:\Windows\SYSTEM32\USERENV.dll
0x00007ffa991e0000 - 0x00007ffa991ec000 	C:\Windows\SYSTEM32\CRYPTBASE.dll
0x00007ffa984d0000 - 0x00007ffa984fd000 	C:\Windows\SYSTEM32\IPHLPAPI.DLL
0x00007ffa9a780000 - 0x00007ffa9a789000 	C:\Windows\System32\NSI.dll
0x00007ffa8f8a0000 - 0x00007ffa8f8b9000 	C:\Windows\SYSTEM32\dhcpcsvc6.DLL
0x00007ffa8f880000 - 0x00007ffa8f89f000 	C:\Windows\SYSTEM32\dhcpcsvc.DLL
0x00007ffa98550000 - 0x00007ffa98648000 	C:\Windows\SYSTEM32\DNSAPI.dll
0x00007ffa0ab00000 - 0x00007ffa0ab0e000 	C:\Program Files\Java\jdk-17.0.12\bin\sunmscapi.dll
0x00007ffa9a240000 - 0x00007ffa9a3a8000 	C:\Windows\System32\CRYPT32.dll
0x00007ffa99360000 - 0x00007ffa9938e000 	C:\Windows\SYSTEM32\ncrypt.dll
0x00007ffa99320000 - 0x00007ffa99357000 	C:\Windows\SYSTEM32\NTASN1.dll
0x00007ffa68030000 - 0x00007ffa68038000 	C:\Windows\system32\wshunix.dll
0x0000000072dd0000 - 0x0000000072df6000 	C:\Program Files\Bonjour\mdnsNSP.dll
0x00007ffa8f3b0000 - 0x00007ffa8f3ba000 	C:\Windows\System32\rasadhlp.dll
0x00007ffa877f0000 - 0x00007ffa87874000 	C:\Windows\System32\fwpuclnt.dll
0x00007ffa98ba0000 - 0x00007ffa98bd4000 	C:\Windows\SYSTEM32\ntmarta.dll

dbghelp: loaded successfully - version: 4.0.5 - missing functions: none
symbol engine: initialized successfully - sym options: 0x614 - pdb path: .;C:\Program Files\Java\jdk-17.0.12\bin;C:\Windows\SYSTEM32;C:\Windows\WinSxS\amd64_microsoft.windows.common-controls_6595b64144ccf1df_6.0.22621.6060_none_2712eda17382d24b;C:\Program Files\Java\jdk-17.0.12\bin\server;C:\Users\ACER\.gradle\native\c067742578af261105cb4f569cf0c3c89f3d7b1fecec35dd04571415982c5e48\windows-amd64;C:\Users\ACER\.gradle\native\38dada09dfb8b06ba9b0570ebf7e218e3eb74d4ef43ca46872605cf95ebc2f47\windows-amd64;C:\Program Files\Bonjour

VM Arguments:
jvm_args: -XX:+HeapDumpOnOutOfMemoryError --add-opens=java.base/java.util=ALL-UNNAMED --add-opens=java.base/java.lang=ALL-UNNAMED --add-opens=java.base/java.lang.invoke=ALL-UNNAMED --add-opens=java.prefs/java.util.prefs=ALL-UNNAMED --add-opens=java.base/java.nio.charset=ALL-UNNAMED --add-opens=java.base/java.net=ALL-UNNAMED --add-opens=java.base/java.util.concurrent.atomic=ALL-UNNAMED -Xmx4G -Dfile.encoding=utf8 -Duser.country=ID -Duser.language=en -Duser.variant 
java_command: org.gradle.launcher.daemon.bootstrap.GradleDaemon 7.6.3
java_class_path (initial): C:\Users\ACER\.gradle\wrapper\dists\gradle-7.6.3-all\aocdy2d2z8kodnny3rsumj8i8\gradle-7.6.3\lib\gradle-launcher-7.6.3.jar
Launcher Type: SUN_STANDARD

[Global flags]
     intx CICompilerCount                          = 4                                         {product} {ergonomic}
     uint ConcGCThreads                            = 3                                         {product} {ergonomic}
     uint G1ConcRefinementThreads                  = 10                                        {product} {ergonomic}
   size_t G1HeapRegionSize                         = 2097152                                   {product} {ergonomic}
    uintx GCDrainStackTargetSize                   = 64                                        {product} {ergonomic}
     bool HeapDumpOnOutOfMemoryError               = true                                   {manageable} {command line}
   size_t InitialHeapSize                          = 264241152                                 {product} {ergonomic}
   size_t MarkStackSize                            = 4194304                                   {product} {ergonomic}
   size_t MaxHeapSize                              = 4294967296                                {product} {command line}
   size_t MaxNewSize                               = 2575302656                                {product} {ergonomic}
   size_t MinHeapDeltaBytes                        = 2097152                                   {product} {ergonomic}
   size_t MinHeapSize                              = 8388608                                   {product} {ergonomic}
    uintx NonNMethodCodeHeapSize                   = 5839372                                {pd product} {ergonomic}
    uintx NonProfiledCodeHeapSize                  = 122909434                              {pd product} {ergonomic}
    uintx ProfiledCodeHeapSize                     = 122909434                              {pd product} {ergonomic}
    uintx ReservedCodeCacheSize                    = 251658240                              {pd product} {ergonomic}
     bool SegmentedCodeCache                       = true                                      {product} {ergonomic}
   size_t SoftMaxHeapSize                          = 4294967296                             {manageable} {ergonomic}
     bool UseCompressedClassPointers               = true                           {product lp64_product} {ergonomic}
     bool UseCompressedOops                        = true                           {product lp64_product} {ergonomic}
     bool UseG1GC                                  = true                                      {product} {ergonomic}
     bool UseLargePagesIndividualAllocation        = false                                  {pd product} {ergonomic}

Logging:
Log output configuration:
 #0: stdout all=warning uptime,level,tags
 #1: stderr all=off uptime,level,tags

Environment Variables:
PATH=C:\Program Files\Java\jdk-17.0.12\bin;C:\Program Files (x86)\Common Files\Oracle\Java\javapath;C:\Windows\system32;C:\Windows;C:\Windows\System32\Wbem;C:\Windows\System32\WindowsPowerShell\v1.0\;C:\Windows\System32\OpenSSH\;C:\Program Files (x86)\NVIDIA Corporation\PhysX\Common;C:\Program Files\dotnet\;C:\MinGW\bin;C:\Program Files (x86)\Microsoft SQL Server\160\Tools\Binn\;C:\Program Files\Microsoft SQL Server\160\Tools\Binn\;C:\Program Files\Microsoft SQL Server\Client SDK\ODBC\170\Tools\Binn\;C:\Program Files\Microsoft SQL Server\160\DTS\Binn\;C:\Program Files (x86)\Microsoft SQL Server\160\DTS\Binn\;C:\Program Files\Java\apache-maven-3.9.11\bin;C:\Program Files\Java\apache-maven-3.9.11\bin;C:\Program Files\Git\cmd;C:\Program Files\nodejs\;C:\Program Files\Microsoft SQL Server\170\Tools\Binn\;D:\caidatungdung\flutter\bin;C:\Program Files\MySQL\MySQL Shell 8.0\bin\;C:\Users\ACER\AppData\Local\Microsoft\WindowsApps;D:\Microsoft VS Code\bin;C:\Program Files\Azure Data Studio\bin;C:\Users\ACER\AppData\Roaming\npm;C:\Program Files\nodejs;C:\Users\ACER\AppData\Local\GitHubDesktop\bin;C:\Users\ACER\AppData\Local\Programs\Antigravity\bin;C:\Users\ACER\.dotnet\tools;C:\Users\ACER\AppData\Local\Programs\Antigravity IDE\bin
USERNAME=ACER
OS=Windows_NT
PROCESSOR_IDENTIFIER=Intel64 Family 6 Model 154 Stepping 3, GenuineIntel



---------------  S Y S T E M  ---------------

OS:
 Windows 11 , 64 bit Build 22621 (10.0.22621.5415)
OS uptime: 0 days 2:10 hours
Hyper-V role detected

CPU: total 12 (initial active 12) (6 cores per cpu, 2 threads per core) family 6 model 154 stepping 3 microcode 0x42a, cx8, cmov, fxsr, ht, mmx, 3dnowpref, sse, sse2, sse3, ssse3, sse4.1, sse4.2, popcnt, lzcnt, tsc, tscinvbit, avx, avx2, aes, erms, clmul, bmi1, bmi2, adx, sha, fma, vzeroupper, clflush, clflushopt, clwb, hv

Memory: 4k page, system-wide physical 16088M (4298M free)
TotalPageFile size 20156M (AvailPageFile size 63M)
current process WorkingSet (physical memory assigned to process): 484M, peak: 706M
current process commit charge ("private bytes"): 764M, peak: 878M

vm_info: Java HotSpot(TM) 64-Bit Server VM (17.0.12+8-LTS-286) for windows-amd64 JRE (17.0.12+8-LTS-286), built on Jun  5 2024 06:46:59 by "mach5one" with MS VC++ 17.6 (VS2022)

END.
